Using pre-set license
Built from '2021.3/staging' branch; Version is '2021.3.6f1 (7da38d85baf6) revision 8233869'; Using compiler version '192829333'; Build Type 'Release'
OS: 'Windows 10  (10.0.19044) 64bit Core' Language: 'en' Physical Memory: 32637 MB
BatchMode: 1, IsHumanControllingUs: 0, StartBugReporterOnCrash: 0, Is64bit: 1, IsPro: 1

COMMAND LINE ARGUMENTS:
C:\Program Files\Unity\Hub\Editor\2021.3.6f1\Editor\Unity.exe
-adb2
-batchMode
-noUpm
-name
AssetImportWorker3
-projectPath
C:/Users/eriko/Documents/GitHub/Dont Hesitate
-logFile
Logs/AssetImportWorker3.log
-srvPort
58452
Successfully changed project path to: C:/Users/eriko/Documents/GitHub/Dont Hesitate
C:/Users/eriko/Documents/GitHub/Dont Hesitate
[UnityMemory] Configuration Parameters - Can be set up in boot.config
    "memorysetup-bucket-allocator-granularity=16"
    "memorysetup-bucket-allocator-bucket-count=8"
    "memorysetup-bucket-allocator-block-size=33554432"
    "memorysetup-bucket-allocator-block-count=8"
    "memorysetup-main-allocator-block-size=16777216"
    "memorysetup-thread-allocator-block-size=16777216"
    "memorysetup-gfx-main-allocator-block-size=16777216"
    "memorysetup-gfx-thread-allocator-block-size=16777216"
    "memorysetup-cache-allocator-block-size=4194304"
    "memorysetup-typetree-allocator-block-size=2097152"
    "memorysetup-profiler-bucket-allocator-granularity=16"
    "memorysetup-profiler-bucket-allocator-bucket-count=8"
    "memorysetup-profiler-bucket-allocator-block-size=33554432"
    "memorysetup-profiler-bucket-allocator-block-count=8"
    "memorysetup-profiler-allocator-block-size=16777216"
    "memorysetup-profiler-editor-allocator-block-size=1048576"
    "memorysetup-temp-allocator-size-main=16777216"
    "memorysetup-job-temp-allocator-block-size=2097152"
    "memorysetup-job-temp-allocator-block-size-background=1048576"
    "memorysetup-job-temp-allocator-reduction-small-platforms=262144"
    "memorysetup-temp-allocator-size-background-worker=32768"
    "memorysetup-temp-allocator-size-job-worker=262144"
    "memorysetup-temp-allocator-size-preload-manager=33554432"
    "memorysetup-temp-allocator-size-nav-mesh-worker=65536"
    "memorysetup-temp-allocator-size-audio-worker=65536"
    "memorysetup-temp-allocator-size-cloud-worker=32768"
    "memorysetup-temp-allocator-size-gi-baking-worker=262144"
    "memorysetup-temp-allocator-size-gfx=262144"
Refreshing native plugins compatible for Editor in 157.33 ms, found 8 plugins.
Preloading 0 native plugins for Editor in 0.00 ms.
Initialize engine version: 2021.3.6f1 (7da38d85baf6)
[Subsystems] Discovering subsystems at path C:/Program Files/Unity/Hub/Editor/2021.3.6f1/Editor/Data/Resources/UnitySubsystems
[Subsystems] Discovering subsystems at path C:/Users/eriko/Documents/GitHub/Dont Hesitate/Assets
GfxDevice: creating device client; threaded=0; jobified=0
Direct3D:
    Version:  Direct3D 11.0 [level 11.1]
    Renderer: NVIDIA GeForce RTX 3070 (ID=0x2484)
    Vendor:   NVIDIA
    VRAM:     8043 MB
    Driver:   30.0.15.1235
Initialize mono
Mono path[0] = 'C:/Program Files/Unity/Hub/Editor/2021.3.6f1/Editor/Data/Managed'
Mono path[1] = 'C:/Program Files/Unity/Hub/Editor/2021.3.6f1/Editor/Data/MonoBleedingEdge/lib/mono/unityjit-win32'
Mono config path = 'C:/Program Files/Unity/Hub/Editor/2021.3.6f1/Editor/Data/MonoBleedingEdge/etc'
Using monoOptions --debugger-agent=transport=dt_socket,embedding=1,server=y,suspend=n,address=127.0.0.1:56648
Begin MonoManager ReloadAssembly
Registering precompiled unity dll's ...
Register platform support module: C:/Program Files/Unity/Hub/Editor/2021.3.6f1/Editor/Data/PlaybackEngines/WindowsStandaloneSupport/UnityEditor.WindowsStandalone.Extensions.dll
Registered in 0.009400 seconds.
Native extension for WindowsStandalone target not found
Refreshing native plugins compatible for Editor in 137.08 ms, found 8 plugins.
Preloading 0 native plugins for Editor in 0.00 ms.
Mono: successfully reloaded assembly
- Completed reload, in  0.895 seconds
Domain Reload Profiling:
	ReloadAssembly (896ms)
		BeginReloadAssembly (103ms)
			ExecutionOrderSort (0ms)
			DisableScriptedObjects (0ms)
			BackupInstance (0ms)
			ReleaseScriptingObjects (0ms)
			CreateAndSetChildDomain (1ms)
		EndReloadAssembly (622ms)
			LoadAssemblies (98ms)
			RebuildTransferFunctionScriptingTraits (0ms)
			SetupTypeCache (127ms)
			ReleaseScriptCaches (0ms)
			RebuildScriptCaches (35ms)
			SetupLoadedEditorAssemblies (392ms)
				LogAssemblyErrors (0ms)
				InitializePlatformSupportModulesInManaged (10ms)
				SetLoadedEditorAssemblies (0ms)
				RefreshPlugins (137ms)
				BeforeProcessingInitializeOnLoad (2ms)
				ProcessInitializeOnLoadAttributes (185ms)
				ProcessInitializeOnLoadMethodAttributes (57ms)
				AfterProcessingInitializeOnLoad (0ms)
				EditorAssembliesLoaded (0ms)
			ExecutionOrderSort2 (0ms)
			AwakeInstancesAfterBackupRestoration (0ms)
Platform modules already initialized, skipping
Registering precompiled user dll's ...
Registered in 0.012675 seconds.
Begin MonoManager ReloadAssembly
Native extension for WindowsStandalone target not found
Refreshing native plugins compatible for Editor in 150.25 ms, found 8 plugins.
Preloading 0 native plugins for Editor in 0.00 ms.
Package Manager log level set to [2]
Mono: successfully reloaded assembly
- Completed reload, in  1.693 seconds
Domain Reload Profiling:
	ReloadAssembly (1694ms)
		BeginReloadAssembly (151ms)
			ExecutionOrderSort (0ms)
			DisableScriptedObjects (8ms)
			BackupInstance (0ms)
			ReleaseScriptingObjects (0ms)
			CreateAndSetChildDomain (22ms)
		EndReloadAssembly (1388ms)
			LoadAssemblies (115ms)
			RebuildTransferFunctionScriptingTraits (0ms)
			SetupTypeCache (357ms)
			ReleaseScriptCaches (1ms)
			RebuildScriptCaches (96ms)
			SetupLoadedEditorAssemblies (743ms)
				LogAssemblyErrors (0ms)
				InitializePlatformSupportModulesInManaged (6ms)
				SetLoadedEditorAssemblies (0ms)
				RefreshPlugins (150ms)
				BeforeProcessingInitializeOnLoad (156ms)
				ProcessInitializeOnLoadAttributes (386ms)
				ProcessInitializeOnLoadMethodAttributes (33ms)
				AfterProcessingInitializeOnLoad (11ms)
				EditorAssembliesLoaded (0ms)
			ExecutionOrderSort2 (0ms)
			AwakeInstancesAfterBackupRestoration (8ms)
Platform modules already initialized, skipping
========================================================================
Worker process is ready to serve import requests
Launched and connected shader compiler UnityShaderCompiler.exe after 0.05 seconds
Refreshing native plugins compatible for Editor in 1.34 ms, found 8 plugins.
Preloading 0 native plugins for Editor in 0.00 ms.
Unloading 4165 Unused Serialized files (Serialized files now loaded: 0)
Unloading 55 unused Assets / (431.2 KB). Loaded Objects now: 4608.
Memory consumption went from 148.8 MB to 148.4 MB.
Total: 5.623900 ms (FindLiveObjects: 0.401800 ms CreateObjectMapping: 0.310500 ms MarkObjects: 4.598900 ms  DeleteObjects: 0.311100 ms)

AssetImportParameters requested are different than current active one (requested -> active):
  custom:video-decoder-ogg-theora: a1e56fd34408186e4bbccfd4996cb3dc -> 
  custom:container-muxer-webm: aa71ff27fc2769a1b78a27578f13a17b -> 
  custom:container-demuxer-webm: 4f35f7cbe854078d1ac9338744f61a02 -> 
  custom:video-encoder-webm-vp8: eb34c28f22e8b96e1ab97ce403110664 -> 
  custom:audio-encoder-webm-vorbis: bf7c407c2cedff20999df2af8eb42d56 -> 
  custom:framework-win-MediaFoundation: 216162199b28c13a410421893ffa2e32 -> 
  custom:container-demuxer-ogg: 62fdf1f143b41e24485cea50d1cbac27 -> 
  custom:video-decoder-webm-vp8: 9c59270c3fd7afecdb556c50c9e8de78 -> 
  custom:audio-decoder-ogg-vorbis: bf7c407c2cedff20999df2af8eb42d56 -> 
========================================================================
Received Import Request.
  Time since last request: 852717.547667 seconds.
  path: Assets/BlenderImports/flash.fbx
  artifactKey: Guid(f8fa1da1b973dab409d228c51e6af0ab) Importer(815301076,1909f56bfc062723c751e8b465ee728b)
Start importing Assets/BlenderImports/flash.fbx using Guid(f8fa1da1b973dab409d228c51e6af0ab) Importer(815301076,1909f56bfc062723c751e8b465ee728b)  -> (artifact id: 'd99dae70fdcdefa0e91778105e7b573b') in 0.291061 seconds 
========================================================================
Received Import Request.
  Time since last request: 0.000028 seconds.
  path: Assets/BlenderImports/weaponholder.fbx
  artifactKey: Guid(10ce2851fe5da5a4d8380573476cb4ac) Importer(815301076,1909f56bfc062723c751e8b465ee728b)
Start importing Assets/BlenderImports/weaponholder.fbx using Guid(10ce2851fe5da5a4d8380573476cb4ac) Importer(815301076,1909f56bfc062723c751e8b465ee728b)  -> (artifact id: '253e9ced16294e752ceb3439ff375ca8') in 0.036053 seconds 
========================================================================
Received Import Request.
  Time since last request: 0.000039 seconds.
  path: Assets/BlenderImports/smokegrenade.fbx
  artifactKey: Guid(c402e10a7893b6d4db4757418bfe9dab) Importer(815301076,1909f56bfc062723c751e8b465ee728b)
Start importing Assets/BlenderImports/smokegrenade.fbx using Guid(c402e10a7893b6d4db4757418bfe9dab) Importer(815301076,1909f56bfc062723c751e8b465ee728b)  -> (artifact id: 'dade3069aef0fad5fd354c9136b08473') in 0.167850 seconds 
========================================================================
Received Import Request.
  Time since last request: 0.000046 seconds.
  path: Assets/BlenderImports/range.fbx
  artifactKey: Guid(74929c90e95f8fe4d92fed77f5375ebe) Importer(815301076,1909f56bfc062723c751e8b465ee728b)
Start importing Assets/BlenderImports/range.fbx using Guid(74929c90e95f8fe4d92fed77f5375ebe) Importer(815301076,1909f56bfc062723c751e8b465ee728b)  -> (artifact id: '14c9751bebb0d4d21b3398d555b69a78') in 0.205024 seconds 
========================================================================
Received Import Request.
  Time since last request: 3.663711 seconds.
  path: Assets/gun models/working guns/glockmag.prefab
  artifactKey: Guid(5b5db78cc44fd3346bf85f6181307bcc) Importer(815301076,1909f56bfc062723c751e8b465ee728b)
Start importing Assets/gun models/working guns/glockmag.prefab using Guid(5b5db78cc44fd3346bf85f6181307bcc) Importer(815301076,1909f56bfc062723c751e8b465ee728b)  -> (artifact id: '0f16e8b425e3e1da21b6ee6cb8d91885') in 0.021494 seconds 
========================================================================
Received Import Request.
  Time since last request: 0.000035 seconds.
  path: Assets/gun models/working guns/mp9rotate.prefab
  artifactKey: Guid(e2339e0606325c54dae9d260d8edeff4) Importer(815301076,1909f56bfc062723c751e8b465ee728b)
Start importing Assets/gun models/working guns/mp9rotate.prefab using Guid(e2339e0606325c54dae9d260d8edeff4) Importer(815301076,1909f56bfc062723c751e8b465ee728b)  -> (artifact id: 'eeea92a9ce1c165601653b3acfb90e8b') in 0.314665 seconds 
========================================================================
Received Import Request.
  Time since last request: 74.483032 seconds.
  path: Assets/AutoHand/Examples/Materials/AH_Blue.mat
  artifactKey: Guid(70d9ea5beac71234c9644a73813348ab) Importer(815301076,1909f56bfc062723c751e8b465ee728b)
Start importing Assets/AutoHand/Examples/Materials/AH_Blue.mat using Guid(70d9ea5beac71234c9644a73813348ab) Importer(815301076,1909f56bfc062723c751e8b465ee728b)  -> (artifact id: '95b7bdbfdf95debb8ae69036d561605a') in 0.024165 seconds 
========================================================================
Received Import Request.
  Time since last request: 0.000029 seconds.
  path: Assets/AutoHand/Examples/Materials/AH_White.mat
  artifactKey: Guid(3ca04dbd767079644aaa779bd2df9b91) Importer(815301076,1909f56bfc062723c751e8b465ee728b)
Start importing Assets/AutoHand/Examples/Materials/AH_White.mat using Guid(3ca04dbd767079644aaa779bd2df9b91) Importer(815301076,1909f56bfc062723c751e8b465ee728b)  -> (artifact id: 'dd87062bb90584b2270031848922a42f') in 0.020680 seconds 
========================================================================
Received Import Request.
  Time since last request: 0.000023 seconds.
  path: Assets/gun models/mcx virtus/Materials/Materials/barrel.mat
  artifactKey: Guid(b6066380b0e663744ba2fc0090f8e5c5) Importer(815301076,1909f56bfc062723c751e8b465ee728b)
Start importing Assets/gun models/mcx virtus/Materials/Materials/barrel.mat using Guid(b6066380b0e663744ba2fc0090f8e5c5) Importer(815301076,1909f56bfc062723c751e8b465ee728b)  -> (artifact id: '5ff9b223705e480e35c046012f9e0931') in 0.017910 seconds 
========================================================================
Received Import Request.
  Time since last request: 0.000024 seconds.
  path: Assets/AutoHand/Examples/Mesh/sub.fbx
  artifactKey: Guid(46f7390b8a973f14db1682dc6a3600b1) Importer(815301076,1909f56bfc062723c751e8b465ee728b)
Start importing Assets/AutoHand/Examples/Mesh/sub.fbx using Guid(46f7390b8a973f14db1682dc6a3600b1) Importer(815301076,1909f56bfc062723c751e8b465ee728b)  -> (artifact id: 'cde90dcff545e85d299f683a5e2176f4') in 0.153123 seconds 
========================================================================
Received Import Request.
  Time since last request: 0.000027 seconds.
  path: Assets/TextMesh Pro/Examples & Extras/Fonts/Oswald-Bold.ttf
  artifactKey: Guid(c9f6d0e7bc8541498c9a4799ba184ede) Importer(815301076,1909f56bfc062723c751e8b465ee728b)
Start importing Assets/TextMesh Pro/Examples & Extras/Fonts/Oswald-Bold.ttf using Guid(c9f6d0e7bc8541498c9a4799ba184ede) Importer(815301076,1909f56bfc062723c751e8b465ee728b)  -> (artifact id: 'c39f9c91bf5165c219272e3d19e471cd') in 0.046234 seconds 
========================================================================
Received Import Request.
  Time since last request: 0.000045 seconds.
  path: Assets/AutoHand/Resources/Righteous-Regular.ttf
  artifactKey: Guid(71b908552670b6b4daeb30b919ab116b) Importer(815301076,1909f56bfc062723c751e8b465ee728b)
Start importing Assets/AutoHand/Resources/Righteous-Regular.ttf using Guid(71b908552670b6b4daeb30b919ab116b) Importer(815301076,1909f56bfc062723c751e8b465ee728b)  -> (artifact id: '90abbad9428c1482fb73e302c1ffd52e') in 0.022667 seconds 
========================================================================
Received Import Request.
  Time since last request: 0.000036 seconds.
  path: Assets/AutoHand/Examples/Mesh/SportsCar.fbx
  artifactKey: Guid(94e4b94c638bc6b43a940894a03b3364) Importer(815301076,1909f56bfc062723c751e8b465ee728b)
Start importing Assets/AutoHand/Examples/Mesh/SportsCar.fbx using Guid(94e4b94c638bc6b43a940894a03b3364) Importer(815301076,1909f56bfc062723c751e8b465ee728b)  -> (artifact id: '0089f0f1ffb40026ab2a31c02b377806') in 0.126197 seconds 
========================================================================
Received Import Request.
  Time since last request: 0.000026 seconds.
  path: Assets/AutoHand/Examples/Mesh/Materials/cupboard 2.mat
  artifactKey: Guid(092be5dc34c4a8f458a78b768e164ef6) Importer(815301076,1909f56bfc062723c751e8b465ee728b)
Start importing Assets/AutoHand/Examples/Mesh/Materials/cupboard 2.mat using Guid(092be5dc34c4a8f458a78b768e164ef6) Importer(815301076,1909f56bfc062723c751e8b465ee728b)  -> (artifact id: '091cc2e2466b40a246ca485d515dbd54') in 0.040722 seconds 
========================================================================
Received Import Request.
  Time since last request: 0.000026 seconds.
  path: Assets/AutoHand/Examples/Materials/Black Rubber.mat
  artifactKey: Guid(60158c1f5a888be49b0e486812385af4) Importer(815301076,1909f56bfc062723c751e8b465ee728b)
Start importing Assets/AutoHand/Examples/Materials/Black Rubber.mat using Guid(60158c1f5a888be49b0e486812385af4) Importer(815301076,1909f56bfc062723c751e8b465ee728b)  -> (artifact id: '9174e4b8891dabe59d329e2ad517db3e') in 0.017253 seconds 
========================================================================
Received Import Request.
  Time since last request: 0.000032 seconds.
  path: Assets/AutoHand/Resources/Materials/AutoHandLogo 1.mat
  artifactKey: Guid(0885ce68c568ba34fb931afa6305c07f) Importer(815301076,1909f56bfc062723c751e8b465ee728b)
Start importing Assets/AutoHand/Resources/Materials/AutoHandLogo 1.mat using Guid(0885ce68c568ba34fb931afa6305c07f) Importer(815301076,1909f56bfc062723c751e8b465ee728b)  -> (artifact id: 'a77ed0b31b00eb33eb819d3c54499d0a') in 0.019337 seconds 
========================================================================
Received Import Request.
  Time since last request: 0.000029 seconds.
  path: Assets/AutoHand/Examples/Mesh/rollingPin.fbx
  artifactKey: Guid(e08c537a5297d5a41a6df0fb383a3d81) Importer(815301076,1909f56bfc062723c751e8b465ee728b)
Start importing Assets/AutoHand/Examples/Mesh/rollingPin.fbx using Guid(e08c537a5297d5a41a6df0fb383a3d81) Importer(815301076,1909f56bfc062723c751e8b465ee728b)  -> (artifact id: 'b1d05dca75078d4fc5c2bd99ccd7c4e2') in 0.034404 seconds 
========================================================================
Received Import Request.
  Time since last request: 0.000022 seconds.
  path: Assets/AutoHand/Examples/Materials/Blue.mat
  artifactKey: Guid(4f7ac604eff3ce44c92d5c1ab400fa69) Importer(815301076,1909f56bfc062723c751e8b465ee728b)
Start importing Assets/AutoHand/Examples/Materials/Blue.mat using Guid(4f7ac604eff3ce44c92d5c1ab400fa69) Importer(815301076,1909f56bfc062723c751e8b465ee728b)  -> (artifact id: 'f1798bcdc1aafd9f54531ea3a5a33e3a') in 0.017033 seconds 
========================================================================
Received Import Request.
  Time since last request: 0.000034 seconds.
  path: Assets/AutoHand/Examples/Materials/AHRed.mat
  artifactKey: Guid(a4a5a51db1695524d8de609e7d18d15a) Importer(815301076,1909f56bfc062723c751e8b465ee728b)
Start importing Assets/AutoHand/Examples/Materials/AHRed.mat using Guid(a4a5a51db1695524d8de609e7d18d15a) Importer(815301076,1909f56bfc062723c751e8b465ee728b)  -> (artifact id: 'a5862dce14c2eaff1bb3b70c395d5d67') in 0.017476 seconds 
========================================================================
Received Import Request.
  Time since last request: 0.000029 seconds.
  path: Assets/TextMesh Pro/Examples & Extras/Resources/Fonts & Materials/Bangers SDF.asset
  artifactKey: Guid(125cb55b44b24c4393181402bc6200e6) Importer(815301076,1909f56bfc062723c751e8b465ee728b)
Start importing Assets/TextMesh Pro/Examples & Extras/Resources/Fonts & Materials/Bangers SDF.asset using Guid(125cb55b44b24c4393181402bc6200e6) Importer(815301076,1909f56bfc062723c751e8b465ee728b)  -> (artifact id: '9863cd17e50bc3c6da74b408a6262a1d') in 0.040423 seconds 
========================================================================
Received Import Request.
  Time since last request: 0.000032 seconds.
  path: Assets/AutoHand/Examples/Mesh/Gloves/source/Boxing Glove/Sketchfab_2017_11_01_02_40_11.fbx
  artifactKey: Guid(8fb764066a021a640a6bb598b62afa63) Importer(815301076,1909f56bfc062723c751e8b465ee728b)
Start importing Assets/AutoHand/Examples/Mesh/Gloves/source/Boxing Glove/Sketchfab_2017_11_01_02_40_11.fbx using Guid(8fb764066a021a640a6bb598b62afa63) Importer(815301076,1909f56bfc062723c751e8b465ee728b)  -> (artifact id: '53aa0b6066b50a40b2aa3b0f6fb816c5') in 0.029776 seconds 
========================================================================
Received Import Request.
  Time since last request: 0.000024 seconds.
  path: Assets/TextMesh Pro/Examples & Extras/Resources/Fonts & Materials/Bangers SDF Glow.mat
  artifactKey: Guid(d75b8f41e959450c84ac6e967084d3e1) Importer(815301076,1909f56bfc062723c751e8b465ee728b)
Start importing Assets/TextMesh Pro/Examples & Extras/Resources/Fonts & Materials/Bangers SDF Glow.mat using Guid(d75b8f41e959450c84ac6e967084d3e1) Importer(815301076,1909f56bfc062723c751e8b465ee728b)  -> (artifact id: 'e2b51aae820dd59ec37d238ddc752b5a') in 0.114070 seconds 
========================================================================
Received Import Request.
  Time since last request: 0.000025 seconds.
  path: Assets/AutoHand/Examples/Materials/AH_Green.mat
  artifactKey: Guid(5af1db2fa220a504eaefe1290eed4bd2) Importer(815301076,1909f56bfc062723c751e8b465ee728b)
Start importing Assets/AutoHand/Examples/Materials/AH_Green.mat using Guid(5af1db2fa220a504eaefe1290eed4bd2) Importer(815301076,1909f56bfc062723c751e8b465ee728b)  -> (artifact id: '4a2f3242c0d1944b5e222292775496eb') in 0.018058 seconds 
========================================================================
Received Import Request.
  Time since last request: 0.000031 seconds.
  path: Assets/AutoHand/Examples/Mesh/Chest/Materials/chest_lambert1_BaseColor.mat
  artifactKey: Guid(2edf49143273dea439abe29d8016883c) Importer(815301076,1909f56bfc062723c751e8b465ee728b)
Start importing Assets/AutoHand/Examples/Mesh/Chest/Materials/chest_lambert1_BaseColor.mat using Guid(2edf49143273dea439abe29d8016883c) Importer(815301076,1909f56bfc062723c751e8b465ee728b)  -> (artifact id: '67171bcc29854194f4e3803e32694604') in 0.019484 seconds 
========================================================================
Received Import Request.
  Time since last request: 0.000023 seconds.
  path: Assets/AutoHand/Resources/Materials/AutoHandEmbelm 1.mat
  artifactKey: Guid(babff000d58dceb4689c66f6d73b081a) Importer(815301076,1909f56bfc062723c751e8b465ee728b)
Start importing Assets/AutoHand/Resources/Materials/AutoHandEmbelm 1.mat using Guid(babff000d58dceb4689c66f6d73b081a) Importer(815301076,1909f56bfc062723c751e8b465ee728b)  -> (artifact id: '363f86044b8dccff0ee386d64bc3aa48') in 0.017480 seconds 
========================================================================
Received Import Request.
  Time since last request: 0.000039 seconds.
  path: Assets/AutoHand/Examples/Mesh/Chest/Materials/ChestBrown.mat
  artifactKey: Guid(4dfa58f9f63e22743bc0c090e9ff960e) Importer(815301076,1909f56bfc062723c751e8b465ee728b)
Start importing Assets/AutoHand/Examples/Mesh/Chest/Materials/ChestBrown.mat using Guid(4dfa58f9f63e22743bc0c090e9ff960e) Importer(815301076,1909f56bfc062723c751e8b465ee728b)  -> (artifact id: '0691547257467b805cd0299c885d0de7') in 0.020811 seconds 
========================================================================
Received Import Request.
  Time since last request: 0.000030 seconds.
  path: Assets/AutoHand/Examples/Mesh/hoop.dae
  artifactKey: Guid(b136c4d56a5e9c544bae56a43f78640e) Importer(815301076,1909f56bfc062723c751e8b465ee728b)
Start importing Assets/AutoHand/Examples/Mesh/hoop.dae using Guid(b136c4d56a5e9c544bae56a43f78640e) Importer(815301076,1909f56bfc062723c751e8b465ee728b)  -> (artifact id: '72d3c901583d9a46f1a3f84d12da6fec') in 0.032425 seconds 
========================================================================
Received Import Request.
  Time since last request: 0.000022 seconds.
  path: Assets/TextMesh Pro/Examples & Extras/Fonts/Anton.ttf
  artifactKey: Guid(997a43b767814dd0a7642ec9b78cba41) Importer(815301076,1909f56bfc062723c751e8b465ee728b)
Start importing Assets/TextMesh Pro/Examples & Extras/Fonts/Anton.ttf using Guid(997a43b767814dd0a7642ec9b78cba41) Importer(815301076,1909f56bfc062723c751e8b465ee728b)  -> (artifact id: 'af4d2d9d0a8fedf6df347aa7694e6c93') in 0.023491 seconds 
========================================================================
Received Import Request.
  Time since last request: 0.000024 seconds.
  path: Assets/TextMesh Pro/Examples & Extras/Resources/Fonts & Materials/Anton SDF - Drop Shadow.mat
  artifactKey: Guid(749b9069dc4742c5bfa5c74644049926) Importer(815301076,1909f56bfc062723c751e8b465ee728b)
Start importing Assets/TextMesh Pro/Examples & Extras/Resources/Fonts & Materials/Anton SDF - Drop Shadow.mat using Guid(749b9069dc4742c5bfa5c74644049926) Importer(815301076,1909f56bfc062723c751e8b465ee728b)  -> (artifact id: '2ee76e3f231d463ca8fca0a138f83b38') in 0.099291 seconds 
========================================================================
Received Import Request.
  Time since last request: 0.000035 seconds.
  path: Assets/AutoHand/Examples/Mesh/Basketball/model.dae
  artifactKey: Guid(89505a1abd2422e4d8d91264c5be938a) Importer(815301076,1909f56bfc062723c751e8b465ee728b)
Start importing Assets/AutoHand/Examples/Mesh/Basketball/model.dae using Guid(89505a1abd2422e4d8d91264c5be938a) Importer(815301076,1909f56bfc062723c751e8b465ee728b)  -> (artifact id: '3ee7e19e9e2337ba0cc34e1a2efea8c0') in 0.037812 seconds 
========================================================================
Received Import Request.
  Time since last request: 0.000035 seconds.
  path: Assets/AutoHand/Examples/Materials/AH_Blue_1.mat
  artifactKey: Guid(5def92ede5ca99043a237e3a03ba1010) Importer(815301076,1909f56bfc062723c751e8b465ee728b)
Start importing Assets/AutoHand/Examples/Materials/AH_Blue_1.mat using Guid(5def92ede5ca99043a237e3a03ba1010) Importer(815301076,1909f56bfc062723c751e8b465ee728b)  -> (artifact id: '2b3cd7b55da560607e47ee88ae78a093') in 0.020889 seconds 
========================================================================
Received Import Request.
  Time since last request: 0.000023 seconds.
  path: Assets/AutoHand/Examples/Materials/AH_Bright_Green.mat
  artifactKey: Guid(4f90fb2688849c54588be9a3d89d6f46) Importer(815301076,1909f56bfc062723c751e8b465ee728b)
Start importing Assets/AutoHand/Examples/Materials/AH_Bright_Green.mat using Guid(4f90fb2688849c54588be9a3d89d6f46) Importer(815301076,1909f56bfc062723c751e8b465ee728b)  -> (artifact id: '76664c66fab064dd00c0841c40c835c0') in 0.020149 seconds 
========================================================================
Received Import Request.
  Time since last request: 0.000026 seconds.
  path: Assets/AutoHand/Examples/Materials/AH_Blue 3.mat
  artifactKey: Guid(1a58ba2a05f23c64a974352c07eca07e) Importer(815301076,1909f56bfc062723c751e8b465ee728b)
Start importing Assets/AutoHand/Examples/Materials/AH_Blue 3.mat using Guid(1a58ba2a05f23c64a974352c07eca07e) Importer(815301076,1909f56bfc062723c751e8b465ee728b)  -> (artifact id: '89f632882db17b0eaad7c7fe86f65a69') in 0.018269 seconds 
========================================================================
Received Import Request.
  Time since last request: 0.000022 seconds.
  path: Assets/gun models/mp9/mp9.fbx
  artifactKey: Guid(ec915822cc4161340879b2e7d2e5527f) Importer(815301076,1909f56bfc062723c751e8b465ee728b)
Start importing Assets/gun models/mp9/mp9.fbx using Guid(ec915822cc4161340879b2e7d2e5527f) Importer(815301076,1909f56bfc062723c751e8b465ee728b)  -> (artifact id: 'af942488f25f056d6cef6ae10ea824c4') in 0.511413 seconds 
========================================================================
Received Import Request.
  Time since last request: 0.000025 seconds.
  path: Assets/AutoHand/Examples/Materials/AH_Pink.mat
  artifactKey: Guid(21cced9b5af30e44a85a53c2594c9730) Importer(815301076,1909f56bfc062723c751e8b465ee728b)
Start importing Assets/AutoHand/Examples/Materials/AH_Pink.mat using Guid(21cced9b5af30e44a85a53c2594c9730) Importer(815301076,1909f56bfc062723c751e8b465ee728b)  -> (artifact id: '20ff5d5e2607fceec9db6f2035c2c23d') in 0.018212 seconds 
========================================================================
Received Import Request.
  Time since last request: 0.000036 seconds.
  path: Assets/TextMesh Pro/Examples & Extras/Fonts/Electronic Highway Sign.TTF
  artifactKey: Guid(8a2b9e2a607dd2143b58c44bc32410b4) Importer(815301076,1909f56bfc062723c751e8b465ee728b)
Start importing Assets/TextMesh Pro/Examples & Extras/Fonts/Electronic Highway Sign.TTF using Guid(8a2b9e2a607dd2143b58c44bc32410b4) Importer(815301076,1909f56bfc062723c751e8b465ee728b)  -> (artifact id: 'dfd284e5b1a8e15a9d5f3996cc27e8f9') in 0.021890 seconds 
========================================================================
Received Import Request.
  Time since last request: 0.000022 seconds.
  path: Assets/Plugins/TextMesh Pro/Fonts/LiberationSans.ttf
  artifactKey: Guid(e3265ab4bf004d28a9537516768c1c75) Importer(815301076,1909f56bfc062723c751e8b465ee728b)
Start importing Assets/Plugins/TextMesh Pro/Fonts/LiberationSans.ttf using Guid(e3265ab4bf004d28a9537516768c1c75) Importer(815301076,1909f56bfc062723c751e8b465ee728b)  -> (artifact id: 'f3bd036785823e2281556a384dd6489b') in 0.021689 seconds 
========================================================================
Received Import Request.
  Time since last request: 0.000034 seconds.
  path: Assets/AutoHand/Resources/Righteous-Big.ttf
  artifactKey: Guid(2d5517b3dc39e474cb2eddd0f4004ace) Importer(815301076,1909f56bfc062723c751e8b465ee728b)
Start importing Assets/AutoHand/Resources/Righteous-Big.ttf using Guid(2d5517b3dc39e474cb2eddd0f4004ace) Importer(815301076,1909f56bfc062723c751e8b465ee728b)  -> (artifact id: 'e62c1a5d1075c38029b1f98cf580acc0') in 0.020564 seconds 
========================================================================
Received Import Request.
  Time since last request: 0.000030 seconds.
  path: Assets/AutoHand/Examples/Materials/AHGreen.mat
  artifactKey: Guid(a35fc97a3d0989144af378e5d6c39c28) Importer(815301076,1909f56bfc062723c751e8b465ee728b)
Start importing Assets/AutoHand/Examples/Materials/AHGreen.mat using Guid(a35fc97a3d0989144af378e5d6c39c28) Importer(815301076,1909f56bfc062723c751e8b465ee728b)  -> (artifact id: '52889111555be18b41ef2ce409249119') in 0.016838 seconds 
========================================================================
Received Import Request.
  Time since last request: 0.000027 seconds.
  path: Assets/TextMesh Pro/Examples & Extras/Fonts/Bangers.ttf
  artifactKey: Guid(5dd49b3eacc540408c98eee0de38e0f1) Importer(815301076,1909f56bfc062723c751e8b465ee728b)
Start importing Assets/TextMesh Pro/Examples & Extras/Fonts/Bangers.ttf using Guid(5dd49b3eacc540408c98eee0de38e0f1) Importer(815301076,1909f56bfc062723c751e8b465ee728b)  -> (artifact id: '3f411dc487d862051c8615ed2fedf126') in 0.020825 seconds 
========================================================================
Received Import Request.
  Time since last request: 0.000024 seconds.
  path: Assets/AutoHand/Examples/Materials/Brown.mat
  artifactKey: Guid(328e372aefdc3fd40a1c29d939ad65f1) Importer(815301076,1909f56bfc062723c751e8b465ee728b)
Start importing Assets/AutoHand/Examples/Materials/Brown.mat using Guid(328e372aefdc3fd40a1c29d939ad65f1) Importer(815301076,1909f56bfc062723c751e8b465ee728b)  -> (artifact id: 'c410e7c9379f93d0b93076d72f0f3bdb') in 0.017888 seconds 
========================================================================
Received Import Request.
  Time since last request: 0.000023 seconds.
  path: Assets/AutoHand/Examples/Materials/base color .mat
  artifactKey: Guid(5bfc87f62ef0a994cbd2ead3e31e4bd0) Importer(815301076,1909f56bfc062723c751e8b465ee728b)
Start importing Assets/AutoHand/Examples/Materials/base color .mat using Guid(5bfc87f62ef0a994cbd2ead3e31e4bd0) Importer(815301076,1909f56bfc062723c751e8b465ee728b)  -> (artifact id: '2972beb4cd1a260b4ef3ca065c383a7f') in 0.074276 seconds 
========================================================================
Received Import Request.
  Time since last request: 0.000024 seconds.
  path: Assets/AutoHand/Resources/Materials/AutoHandEmbelm.mat
  artifactKey: Guid(efe77604d54fb5e4a9fea6e28b575be9) Importer(815301076,1909f56bfc062723c751e8b465ee728b)
Start importing Assets/AutoHand/Resources/Materials/AutoHandEmbelm.mat using Guid(efe77604d54fb5e4a9fea6e28b575be9) Importer(815301076,1909f56bfc062723c751e8b465ee728b)  -> (artifact id: 'e828210d635ecd35ad856e66acb62d94') in 0.018627 seconds 
========================================================================
Received Import Request.
  Time since last request: 1.339704 seconds.
  path: Assets/AutoHand/Examples/Mesh/tomatoMesh.fbx
  artifactKey: Guid(56443c43b74715f4d97286c46d4c7fd6) Importer(815301076,1909f56bfc062723c751e8b465ee728b)
Start importing Assets/AutoHand/Examples/Mesh/tomatoMesh.fbx using Guid(56443c43b74715f4d97286c46d4c7fd6) Importer(815301076,1909f56bfc062723c751e8b465ee728b)  -> (artifact id: '5995a99512b154290b88e4db08f54cf3') in 0.037690 seconds 
========================================================================
Received Import Request.
  Time since last request: 0.000029 seconds.
  path: Assets/AutoHand/Examples/Materials/Grey.mat
  artifactKey: Guid(786c7caa508d1f344a2b05806f53730c) Importer(815301076,1909f56bfc062723c751e8b465ee728b)
Start importing Assets/AutoHand/Examples/Materials/Grey.mat using Guid(786c7caa508d1f344a2b05806f53730c) Importer(815301076,1909f56bfc062723c751e8b465ee728b)  -> (artifact id: '0eaa3c3a44d23b805154e42365bdeeff') in 0.016566 seconds 
========================================================================
Received Import Request.
  Time since last request: 0.000028 seconds.
  path: Assets/AutoHand/Examples/Materials/GreyDevGrid_Diffuse.mat
  artifactKey: Guid(6d918f38df8a649468d5e740775c9377) Importer(815301076,1909f56bfc062723c751e8b465ee728b)
Start importing Assets/AutoHand/Examples/Materials/GreyDevGrid_Diffuse.mat using Guid(6d918f38df8a649468d5e740775c9377) Importer(815301076,1909f56bfc062723c751e8b465ee728b)  -> (artifact id: 'acc4d109b5f02f4f4663b1adaac3c81b') in 0.018043 seconds 
========================================================================
Received Import Request.
  Time since last request: 0.000027 seconds.
  path: Assets/AutoHand/Examples/Materials/GreyDevGrid_Diffuse 1.mat
  artifactKey: Guid(aee382a3129b1874895c356f6f99538c) Importer(815301076,1909f56bfc062723c751e8b465ee728b)
Start importing Assets/AutoHand/Examples/Materials/GreyDevGrid_Diffuse 1.mat using Guid(aee382a3129b1874895c356f6f99538c) Importer(815301076,1909f56bfc062723c751e8b465ee728b)  -> (artifact id: 'f0bcbcb950948843c720bcaed2d05e75') in 0.017918 seconds 
========================================================================
Received Import Request.
  Time since last request: 0.000037 seconds.
  path: Assets/AutoHand/Examples/Materials/Green Plastic.mat
  artifactKey: Guid(17aca4257f7004143ab9519401bb0c13) Importer(815301076,1909f56bfc062723c751e8b465ee728b)
Start importing Assets/AutoHand/Examples/Materials/Green Plastic.mat using Guid(17aca4257f7004143ab9519401bb0c13) Importer(815301076,1909f56bfc062723c751e8b465ee728b)  -> (artifact id: '77aa61cf18f568e63ffbb7afbe780a17') in 0.018788 seconds 
========================================================================
Received Import Request.
  Time since last request: 0.000023 seconds.
  path: Assets/AutoHand/Examples/Materials/Green.mat
  artifactKey: Guid(bf5d78f36b91ec04d8cd688d31179399) Importer(815301076,1909f56bfc062723c751e8b465ee728b)
Start importing Assets/AutoHand/Examples/Materials/Green.mat using Guid(bf5d78f36b91ec04d8cd688d31179399) Importer(815301076,1909f56bfc062723c751e8b465ee728b)  -> (artifact id: '2feb87b40f6c0881033be84131544cfb') in 0.017932 seconds 
========================================================================
Received Import Request.
  Time since last request: 0.000039 seconds.
  path: Assets/AutoHand/Examples/Mesh/grenade/Materials/grenadeColor.mat
  artifactKey: Guid(bfed9ef4ce9b4f74bae811d4b338f72c) Importer(815301076,1909f56bfc062723c751e8b465ee728b)
Start importing Assets/AutoHand/Examples/Mesh/grenade/Materials/grenadeColor.mat using Guid(bfed9ef4ce9b4f74bae811d4b338f72c) Importer(815301076,1909f56bfc062723c751e8b465ee728b)  -> (artifact id: 'f6e40abbf24c8d6ff74e8040d8c08891') in 0.018615 seconds 
========================================================================
Received Import Request.
  Time since last request: 0.608534 seconds.
  path: Assets/AutoHand/Examples/Materials/Grid Metal.mat
  artifactKey: Guid(a98834c08bc85714385968e866289089) Importer(815301076,1909f56bfc062723c751e8b465ee728b)
Start importing Assets/AutoHand/Examples/Materials/Grid Metal.mat using Guid(a98834c08bc85714385968e866289089) Importer(815301076,1909f56bfc062723c751e8b465ee728b)  -> (artifact id: 'ecfd501a6ce1e8229fa786b298988824') in 0.065188 seconds 
========================================================================
Received Import Request.
  Time since last request: 0.000029 seconds.
  path: Assets/TextMesh Pro/Examples & Extras/Resources/Fonts & Materials/LiberationSans SDF - Soft Mask.mat
  artifactKey: Guid(42df1c7856584b6b8db9a509b6b10074) Importer(815301076,1909f56bfc062723c751e8b465ee728b)
Start importing Assets/TextMesh Pro/Examples & Extras/Resources/Fonts & Materials/LiberationSans SDF - Soft Mask.mat using Guid(42df1c7856584b6b8db9a509b6b10074) Importer(815301076,1909f56bfc062723c751e8b465ee728b) Shader error in 'TextMeshPro/Mobile/Distance Field - Masking': Couldn't open include file 'TMPro_Properties.cginc'. at line 99
Shader error in 'TextMeshPro/Mobile/Distance Field - Masking': Couldn't open include file 'TMPro_Properties.cginc'. at line 99
 -> (artifact id: 'c9338ad75e05d8653804e2d99d2b000f') in 0.045242 seconds 
========================================================================
Received Import Request.
  Time since last request: 0.000024 seconds.
  path: Assets/TextMesh Pro/Resources/Fonts & Materials/LiberationSans SDF - Outline.mat
  artifactKey: Guid(79459efec17a4d00a321bdcc27bbc385) Importer(815301076,1909f56bfc062723c751e8b465ee728b)
Start importing Assets/TextMesh Pro/Resources/Fonts & Materials/LiberationSans SDF - Outline.mat using Guid(79459efec17a4d00a321bdcc27bbc385) Importer(815301076,1909f56bfc062723c751e8b465ee728b)  -> (artifact id: '899f2dbaf46fe6b3281898d8d3683a5e') in 0.095376 seconds 
========================================================================
Received Import Request.
  Time since last request: 0.000039 seconds.
  path: Assets/AutoHand/Examples/Materials/Grid Metal 2.mat
  artifactKey: Guid(866c139920bfd07469ab89476b44825c) Importer(815301076,1909f56bfc062723c751e8b465ee728b)
Start importing Assets/AutoHand/Examples/Materials/Grid Metal 2.mat using Guid(866c139920bfd07469ab89476b44825c) Importer(815301076,1909f56bfc062723c751e8b465ee728b)  -> (artifact id: '319db3154214143bce0757ebade2dcdf') in 0.019615 seconds 
========================================================================
Received Import Request.
  Time since last request: 0.000028 seconds.
  path: Assets/AutoHand/Examples/Materials/Hand.mat
  artifactKey: Guid(984c694004cb1774f9cac4c7c8b71ebb) Importer(815301076,1909f56bfc062723c751e8b465ee728b)
Start importing Assets/AutoHand/Examples/Materials/Hand.mat using Guid(984c694004cb1774f9cac4c7c8b71ebb) Importer(815301076,1909f56bfc062723c751e8b465ee728b)  -> (artifact id: '81234530ae5736f579bd8a7686253f20') in 0.019040 seconds 
========================================================================
Received Import Request.
  Time since last request: 0.000023 seconds.
  path: Assets/AutoHand/Examples/Materials/Gun.mat
  artifactKey: Guid(051c6b6417014a84394ef816bd2b6a1a) Importer(815301076,1909f56bfc062723c751e8b465ee728b)
Start importing Assets/AutoHand/Examples/Materials/Gun.mat using Guid(051c6b6417014a84394ef816bd2b6a1a) Importer(815301076,1909f56bfc062723c751e8b465ee728b)  -> (artifact id: '1ab03a529db1281bf9ceb579694bea58') in 0.024968 seconds 
========================================================================
Received Import Request.
  Time since last request: 0.000023 seconds.
  path: Assets/AutoHand/Examples/Materials/GunHighlights.mat
  artifactKey: Guid(7a156f7d45177bc42adb509591520010) Importer(815301076,1909f56bfc062723c751e8b465ee728b)
Start importing Assets/AutoHand/Examples/Materials/GunHighlights.mat using Guid(7a156f7d45177bc42adb509591520010) Importer(815301076,1909f56bfc062723c751e8b465ee728b)  -> (artifact id: 'c192294b400b1fa4dc5c3b03fb8a5f00') in 0.021518 seconds 
========================================================================
Received Import Request.
  Time since last request: 0.000037 seconds.
  path: Assets/TextMesh Pro/Examples & Extras/Resources/Fonts & Materials/LiberationSans SDF - Overlay.mat
  artifactKey: Guid(9ad269c99dcf42b7aedefd83dd5a7b9d) Importer(815301076,1909f56bfc062723c751e8b465ee728b)
Start importing Assets/TextMesh Pro/Examples & Extras/Resources/Fonts & Materials/LiberationSans SDF - Overlay.mat using Guid(9ad269c99dcf42b7aedefd83dd5a7b9d) Importer(815301076,1909f56bfc062723c751e8b465ee728b) Shader error in 'TextMeshPro/Mobile/Distance Field Overlay': Couldn't open include file 'TMPro_Properties.cginc'. at line 93
Shader error in 'TextMeshPro/Mobile/Distance Field Overlay': Couldn't open include file 'TMPro_Properties.cginc'. at line 93
 -> (artifact id: '4349a596c3daaef1665b3f423b68fbb3') in 0.043148 seconds 
========================================================================
Received Import Request.
  Time since last request: 0.000026 seconds.
  path: Assets/AutoHand/Examples/Materials/Colors/lightererTeal.mat
  artifactKey: Guid(a37a9a0e8a452d643ade922798bfac79) Importer(815301076,1909f56bfc062723c751e8b465ee728b)
Start importing Assets/AutoHand/Examples/Materials/Colors/lightererTeal.mat using Guid(a37a9a0e8a452d643ade922798bfac79) Importer(815301076,1909f56bfc062723c751e8b465ee728b)  -> (artifact id: '38b2a305ec7b413e2cfb7e8add146093') in 0.017079 seconds 
========================================================================
Received Import Request.
  Time since last request: 0.000030 seconds.
  path: Assets/AutoHand/Examples/Materials/Highlight/Highlight 1.mat
  artifactKey: Guid(6f56ce6b9bb9a754b920f973cccfde17) Importer(815301076,1909f56bfc062723c751e8b465ee728b)
Start importing Assets/AutoHand/Examples/Materials/Highlight/Highlight 1.mat using Guid(6f56ce6b9bb9a754b920f973cccfde17) Importer(815301076,1909f56bfc062723c751e8b465ee728b)  -> (artifact id: 'e5b7ef16ad5ca432dab87aa71f933ff5') in 0.016823 seconds 
========================================================================
Received Import Request.
  Time since last request: 0.000032 seconds.
  path: Assets/TextMesh Pro/Resources/Fonts & Materials/LiberationSans SDF - Drop Shadow.mat
  artifactKey: Guid(e73a58f6e2794ae7b1b7e50b7fb811b0) Importer(815301076,1909f56bfc062723c751e8b465ee728b)
Start importing Assets/TextMesh Pro/Resources/Fonts & Materials/LiberationSans SDF - Drop Shadow.mat using Guid(e73a58f6e2794ae7b1b7e50b7fb811b0) Importer(815301076,1909f56bfc062723c751e8b465ee728b)  -> (artifact id: 'd170ffc9bc9c7e0039601c8488ca3591') in 0.035088 seconds 
========================================================================
Received Import Request.
  Time since last request: 0.000048 seconds.
  path: Assets/AutoHand/Examples/Mesh/Table 1.fbx
  artifactKey: Guid(0efbd4c9f25507f4eba14d4e92a2ab29) Importer(815301076,1909f56bfc062723c751e8b465ee728b)
Start importing Assets/AutoHand/Examples/Mesh/Table 1.fbx using Guid(0efbd4c9f25507f4eba14d4e92a2ab29) Importer(815301076,1909f56bfc062723c751e8b465ee728b)  -> (artifact id: '745f4af691899bedfda2f7733e1b875c') in 0.048709 seconds 
========================================================================
Received Import Request.
  Time since last request: 0.000023 seconds.
  path: Assets/AutoHand/Examples/Mesh/Chest/source/chest.fbx
  artifactKey: Guid(77a27f9cc91f75e44a90cc46953b7977) Importer(815301076,1909f56bfc062723c751e8b465ee728b)
Start importing Assets/AutoHand/Examples/Mesh/Chest/source/chest.fbx using Guid(77a27f9cc91f75e44a90cc46953b7977) Importer(815301076,1909f56bfc062723c751e8b465ee728b)  -> (artifact id: '8ab9aebfe58cc35de6c0304e0e2ef863') in 0.049560 seconds 
========================================================================
Received Import Request.
  Time since last request: 0.000029 seconds.
  path: Assets/AutoHand/Examples/Materials/Highlight/Highlight 2.mat
  artifactKey: Guid(168b16969c06412429c75c4d013165eb) Importer(815301076,1909f56bfc062723c751e8b465ee728b)
Start importing Assets/AutoHand/Examples/Materials/Highlight/Highlight 2.mat using Guid(168b16969c06412429c75c4d013165eb) Importer(815301076,1909f56bfc062723c751e8b465ee728b)  -> (artifact id: '4743b20589747cb22fe049097e2c849b') in 0.019009 seconds 
========================================================================
Received Import Request.
  Time since last request: 0.000029 seconds.
  path: Assets/AutoHand/Examples/Materials/Highlight/Highlight 3.mat
  artifactKey: Guid(94de117a9e3a65249aca7d8ba8179dc1) Importer(815301076,1909f56bfc062723c751e8b465ee728b)
Start importing Assets/AutoHand/Examples/Materials/Highlight/Highlight 3.mat using Guid(94de117a9e3a65249aca7d8ba8179dc1) Importer(815301076,1909f56bfc062723c751e8b465ee728b)  -> (artifact id: 'aeda6f0aef0b546fb8a977b2d0000d36') in 0.016779 seconds 
========================================================================
Received Import Request.
  Time since last request: 0.000024 seconds.
  path: Assets/TextMesh Pro/Examples & Extras/Materials/Ground - Surface Shader Scene.mat
  artifactKey: Guid(aadd5a709a48466c887296bb5b1b8110) Importer(815301076,1909f56bfc062723c751e8b465ee728b)
Start importing Assets/TextMesh Pro/Examples & Extras/Materials/Ground - Surface Shader Scene.mat using Guid(aadd5a709a48466c887296bb5b1b8110) Importer(815301076,1909f56bfc062723c751e8b465ee728b)  -> (artifact id: 'baa7ac6eb4a7dee58ec1b6b16ed09dcb') in 0.020668 seconds 
========================================================================
Received Import Request.
  Time since last request: 0.000029 seconds.
  path: Assets/TextMesh Pro/Examples & Extras/Resources/Fonts & Materials/LiberationSans SDF - Metalic Green.mat
  artifactKey: Guid(8b29aaa3eec7468097ff07adfcf29ac9) Importer(815301076,1909f56bfc062723c751e8b465ee728b)
Start importing Assets/TextMesh Pro/Examples & Extras/Resources/Fonts & Materials/LiberationSans SDF - Metalic Green.mat using Guid(8b29aaa3eec7468097ff07adfcf29ac9) Importer(815301076,1909f56bfc062723c751e8b465ee728b)  -> (artifact id: 'de43bb2e848b8b869199ca6bd82c1c76') in 0.166389 seconds 
========================================================================
Received Import Request.
  Time since last request: 22.570452 seconds.
  path: Assets/AutoHand/Examples/Materials/Colors/lightOrange.mat
  artifactKey: Guid(d1d9d1fe3f5aaaf4b9cbe70c07fddd6d) Importer(815301076,1909f56bfc062723c751e8b465ee728b)
Start importing Assets/AutoHand/Examples/Materials/Colors/lightOrange.mat using Guid(d1d9d1fe3f5aaaf4b9cbe70c07fddd6d) Importer(815301076,1909f56bfc062723c751e8b465ee728b)  -> (artifact id: 'eb23e5d416adc878290772c7934f0249') in 0.019973 seconds 
========================================================================
Received Import Request.
  Time since last request: 0.000019 seconds.
  path: Assets/AutoHand/Examples/Materials/Colors/lightPurple.mat
  artifactKey: Guid(d4855c528c79fc34bb107d7497ce2e58) Importer(815301076,1909f56bfc062723c751e8b465ee728b)
Start importing Assets/AutoHand/Examples/Materials/Colors/lightPurple.mat using Guid(d4855c528c79fc34bb107d7497ce2e58) Importer(815301076,1909f56bfc062723c751e8b465ee728b)  -> (artifact id: '7f99bbd78ca7453d785a88abf4cd5d6d') in 0.017129 seconds 
========================================================================
Received Import Request.
  Time since last request: 0.000019 seconds.
  path: Assets/AutoHand/Examples/Materials/Colors/lightTeal.mat
  artifactKey: Guid(04a9e5819bd38fc4eb0e001616f2c9fa) Importer(815301076,1909f56bfc062723c751e8b465ee728b)
Start importing Assets/AutoHand/Examples/Materials/Colors/lightTeal.mat using Guid(04a9e5819bd38fc4eb0e001616f2c9fa) Importer(815301076,1909f56bfc062723c751e8b465ee728b)  -> (artifact id: '5f22d6fec77a0c9ed4b4ec6739d9139e') in 0.018608 seconds 
========================================================================
Received Import Request.
  Time since last request: 0.000026 seconds.
  path: Assets/AutoHand/Examples/Mesh/Basketball/Basketball_dl.fbx
  artifactKey: Guid(9116168301f0c5441ad2a7698201a73b) Importer(815301076,1909f56bfc062723c751e8b465ee728b)
Start importing Assets/AutoHand/Examples/Mesh/Basketball/Basketball_dl.fbx using Guid(9116168301f0c5441ad2a7698201a73b) Importer(815301076,1909f56bfc062723c751e8b465ee728b)  -> (artifact id: '199a540eace87ce186c793153d9d7f3b') in 0.037999 seconds 
========================================================================
Received Import Request.
  Time since last request: 0.000029 seconds.
  path: Assets/AutoHand/Examples/Mesh/WoodCubes.fbx
  artifactKey: Guid(8c2d1c53b49e9f443b512b467180a771) Importer(815301076,1909f56bfc062723c751e8b465ee728b)
Start importing Assets/AutoHand/Examples/Mesh/WoodCubes.fbx using Guid(8c2d1c53b49e9f443b512b467180a771) Importer(815301076,1909f56bfc062723c751e8b465ee728b)  -> (artifact id: '12da4f71133d9f3f86e67c536b12fb93') in 0.080442 seconds 
========================================================================
Received Import Request.
  Time since last request: 0.000029 seconds.
  path: Assets/AutoHand/Examples/Materials/Colors/lightTeal 1.mat
  artifactKey: Guid(f21e43a1bcf81334ea78a274da7712ce) Importer(815301076,1909f56bfc062723c751e8b465ee728b)
Start importing Assets/AutoHand/Examples/Materials/Colors/lightTeal 1.mat using Guid(f21e43a1bcf81334ea78a274da7712ce) Importer(815301076,1909f56bfc062723c751e8b465ee728b)  -> (artifact id: 'f4fc582ed6ad5737ab4725cd84de4f02') in 0.018634 seconds 
========================================================================
Received Import Request.
  Time since last request: 7.609142 seconds.
  path: Assets/gun models/mp9/Materials/New Material 1.mat
  artifactKey: Guid(69538f70272e4714fa12c93d8a8e29db) Importer(815301076,1909f56bfc062723c751e8b465ee728b)
Start importing Assets/gun models/mp9/Materials/New Material 1.mat using Guid(69538f70272e4714fa12c93d8a8e29db) Importer(815301076,1909f56bfc062723c751e8b465ee728b)  -> (artifact id: 'f79eb3867b0ff1be132a473cbe1f98e1') in 0.017716 seconds 
========================================================================
Received Import Request.
  Time since last request: 0.000023 seconds.
  path: Assets/gun models/mp9/Materials/New Material 2.mat
  artifactKey: Guid(eeaca2dada7f99a4c925ed3f7b00435b) Importer(815301076,1909f56bfc062723c751e8b465ee728b)
Start importing Assets/gun models/mp9/Materials/New Material 2.mat using Guid(eeaca2dada7f99a4c925ed3f7b00435b) Importer(815301076,1909f56bfc062723c751e8b465ee728b)  -> (artifact id: '4fcb5fdc8fdc5f4fcbf6c377895834e4') in 0.022292 seconds 
========================================================================
Received Import Request.
  Time since last request: 0.720969 seconds.
  path: Assets/AutoHand/Examples/Mesh/pistol.fbx
  artifactKey: Guid(152c449fcbb079049a38e5953ab3376b) Importer(815301076,1909f56bfc062723c751e8b465ee728b)
Start importing Assets/AutoHand/Examples/Mesh/pistol.fbx using Guid(152c449fcbb079049a38e5953ab3376b) Importer(815301076,1909f56bfc062723c751e8b465ee728b)  -> (artifact id: '30a792ce006e69631e6532f678903e8d') in 0.249745 seconds 
========================================================================
Received Import Request.
  Time since last request: 6.181989 seconds.
  path: Assets/TextMesh Pro/Examples & Extras/Resources/Fonts & Materials/Roboto-Bold SDF - Drop Shadow.mat
  artifactKey: Guid(b246c4190f4e46ec9352fe15a7b09ce0) Importer(815301076,1909f56bfc062723c751e8b465ee728b)
Start importing Assets/TextMesh Pro/Examples & Extras/Resources/Fonts & Materials/Roboto-Bold SDF - Drop Shadow.mat using Guid(b246c4190f4e46ec9352fe15a7b09ce0) Importer(815301076,1909f56bfc062723c751e8b465ee728b)  -> (artifact id: '76693c5714cca931c7e2b0eeda4cd879') in 0.018786 seconds 
========================================================================
Received Import Request.
  Time since last request: 0.000023 seconds.
  path: Assets/AutoHand/Examples/Mesh/SemiSphere.fbx
  artifactKey: Guid(f889576779dd2aa419b90e29465c310b) Importer(815301076,1909f56bfc062723c751e8b465ee728b)
Start importing Assets/AutoHand/Examples/Mesh/SemiSphere.fbx using Guid(f889576779dd2aa419b90e29465c310b) Importer(815301076,1909f56bfc062723c751e8b465ee728b)  -> (artifact id: '0d1ad703bb9332a30aff32f6036c82b1') in 0.033829 seconds 
========================================================================
Received Import Request.
  Time since last request: 0.000020 seconds.
  path: Assets/AutoHand/Examples/Materials/Colors/roomColor.mat
  artifactKey: Guid(81f33a17d2e1358489dce8b1bc7b349d) Importer(815301076,1909f56bfc062723c751e8b465ee728b)
Start importing Assets/AutoHand/Examples/Materials/Colors/roomColor.mat using Guid(81f33a17d2e1358489dce8b1bc7b349d) Importer(815301076,1909f56bfc062723c751e8b465ee728b)  -> (artifact id: '29ca97925d0bd1c6e3b672f164ea2eb2') in 0.023234 seconds 
========================================================================
Received Import Request.
  Time since last request: 0.000029 seconds.
  path: Assets/AutoHand/Examples/Materials/Sample.mat
  artifactKey: Guid(0a091f99cd36e9c4f8a2a4ad7e5c0201) Importer(815301076,1909f56bfc062723c751e8b465ee728b)
Start importing Assets/AutoHand/Examples/Materials/Sample.mat using Guid(0a091f99cd36e9c4f8a2a4ad7e5c0201) Importer(815301076,1909f56bfc062723c751e8b465ee728b)  -> (artifact id: '5db83c7286f3798bccb1790374d2b468') in 0.028785 seconds 
========================================================================
Received Import Request.
  Time since last request: 0.000035 seconds.
  path: Assets/AutoHand/Examples/Materials/SemiTransparent.mat
  artifactKey: Guid(60b1f1efaf4d1cf4c886e0eca222236e) Importer(815301076,1909f56bfc062723c751e8b465ee728b)
Start importing Assets/AutoHand/Examples/Materials/SemiTransparent.mat using Guid(60b1f1efaf4d1cf4c886e0eca222236e) Importer(815301076,1909f56bfc062723c751e8b465ee728b)  -> (artifact id: '7508869a4fdd0be7403ad61988a2a924') in 0.020210 seconds 
========================================================================
Received Import Request.
  Time since last request: 0.064077 seconds.
  path: Assets/gun models/mp9/Materials/stock.mat
  artifactKey: Guid(009ab5b6a99bf66479ee2d55b980b010) Importer(815301076,1909f56bfc062723c751e8b465ee728b)
Start importing Assets/gun models/mp9/Materials/stock.mat using Guid(009ab5b6a99bf66479ee2d55b980b010) Importer(815301076,1909f56bfc062723c751e8b465ee728b)  -> (artifact id: '6f6c47a01b3f4e0b050c739dcd6a705a') in 0.020127 seconds 
========================================================================
Received Import Request.
  Time since last request: 0.000022 seconds.
  path: Assets/gun models/mcx virtus/Materials/Materials/TexturesCom_Plastic_Polymer_1K_normal.mat
  artifactKey: Guid(b6d9df78aaa2a4446929c8e74b4308bd) Importer(815301076,1909f56bfc062723c751e8b465ee728b)
Start importing Assets/gun models/mcx virtus/Materials/Materials/TexturesCom_Plastic_Polymer_1K_normal.mat using Guid(b6d9df78aaa2a4446929c8e74b4308bd) Importer(815301076,1909f56bfc062723c751e8b465ee728b)  -> (artifact id: '3a5741838895f17ce5a8d47e291c1860') in 0.018572 seconds 
========================================================================
Received Import Request.
  Time since last request: 0.000024 seconds.
  path: Assets/gun models/mcx virtus/Materials/Materials/TexturesCom_Metal_AluminumBrushed2_1K_roughness.mat
  artifactKey: Guid(94f539135c81c834f870a76ba62d1992) Importer(815301076,1909f56bfc062723c751e8b465ee728b)
Start importing Assets/gun models/mcx virtus/Materials/Materials/TexturesCom_Metal_AluminumBrushed2_1K_roughness.mat using Guid(94f539135c81c834f870a76ba62d1992) Importer(815301076,1909f56bfc062723c751e8b465ee728b)  -> (artifact id: 'a0b03c29c3f74cf8c734652678c0097d') in 0.018799 seconds 
========================================================================
Received Import Request.
  Time since last request: 0.000027 seconds.
  path: Assets/gun models/mcx virtus/Materials/Materials/TexturesCom_Metal_AluminumBrushed2_1K_roughness 1.mat
  artifactKey: Guid(dce468fbd7e59ae46bbc566cb00ec7f3) Importer(815301076,1909f56bfc062723c751e8b465ee728b)
Start importing Assets/gun models/mcx virtus/Materials/Materials/TexturesCom_Metal_AluminumBrushed2_1K_roughness 1.mat using Guid(dce468fbd7e59ae46bbc566cb00ec7f3) Importer(815301076,1909f56bfc062723c751e8b465ee728b)  -> (artifact id: 'ae156bd1988f2764e431f11daa5014b6') in 0.017950 seconds 
========================================================================
Received Import Request.
  Time since last request: 0.000029 seconds.
  path: Assets/gun models/mcx virtus/Materials/Materials/TexturesCom_Plastic_Polymer_1K_roughness.mat
  artifactKey: Guid(6711728a5fee3c34294ab9a62c19719d) Importer(815301076,1909f56bfc062723c751e8b465ee728b)
Start importing Assets/gun models/mcx virtus/Materials/Materials/TexturesCom_Plastic_Polymer_1K_roughness.mat using Guid(6711728a5fee3c34294ab9a62c19719d) Importer(815301076,1909f56bfc062723c751e8b465ee728b)  -> (artifact id: 'b4c9eccf680cd5c39f15a0f54e1b1e53') in 0.021375 seconds 
========================================================================
Received Import Request.
  Time since last request: 0.000026 seconds.
  path: Assets/particleeffects/trail.mat
  artifactKey: Guid(653d7039ea0ea0040a2074b74a3e1b45) Importer(815301076,1909f56bfc062723c751e8b465ee728b)
Start importing Assets/particleeffects/trail.mat using Guid(653d7039ea0ea0040a2074b74a3e1b45) Importer(815301076,1909f56bfc062723c751e8b465ee728b)  -> (artifact id: 'c5aab9268db484bbd921eb86900e6806') in 0.020359 seconds 
========================================================================
Received Import Request.
  Time since last request: 0.000036 seconds.
  path: Assets/AutoHand/Examples/Materials/Transparent2.mat
  artifactKey: Guid(5af1d6bebdcd72b4284e7458b1aa4e8d) Importer(815301076,1909f56bfc062723c751e8b465ee728b)
Start importing Assets/AutoHand/Examples/Materials/Transparent2.mat using Guid(5af1d6bebdcd72b4284e7458b1aa4e8d) Importer(815301076,1909f56bfc062723c751e8b465ee728b)  -> (artifact id: '59adb1952d464bb7ddad7a1bd84995d8') in 0.021782 seconds 
========================================================================
Received Import Request.
  Time since last request: 0.000028 seconds.
  path: Assets/AutoHand/Examples/Materials/TransparentBlue.mat
  artifactKey: Guid(fe089319daeb30e4698111607469107b) Importer(815301076,1909f56bfc062723c751e8b465ee728b)
Start importing Assets/AutoHand/Examples/Materials/TransparentBlue.mat using Guid(fe089319daeb30e4698111607469107b) Importer(815301076,1909f56bfc062723c751e8b465ee728b)  -> (artifact id: 'e11ada9384b1029ffb706e07191376a9') in 0.020828 seconds 
Editor requested this worker to shutdown with reason: Scaling down because of idle timeout
AssetImportWorker is now disconnected from the server
Process exiting
Exiting without the bug reporter. Application will terminate with return code 0