Using pre-set license
Built from '2021.3/staging' branch; Version is '2021.3.6f1 (7da38d85baf6) revision 8233869'; Using compiler version '192829333'; Build Type 'Release'
OS: 'Windows 10  (10.0.19044) 64bit Core' Language: 'en' Physical Memory: 32637 MB
BatchMode: 1, IsHumanControllingUs: 0, StartBugReporterOnCrash: 0, Is64bit: 1, IsPro: 1

COMMAND LINE ARGUMENTS:
C:\Program Files\Unity\Hub\Editor\2021.3.6f1\Editor\Unity.exe
-adb2
-batchMode
-noUpm
-name
AssetImportWorker1
-projectPath
C:/Users/eriko/Documents/GitHub/gibstutz/Dont Hesitate
-logFile
Logs/AssetImportWorker1.log
-srvPort
60274
Successfully changed project path to: C:/Users/eriko/Documents/GitHub/gibstutz/Dont Hesitate
C:/Users/eriko/Documents/GitHub/gibstutz/Dont Hesitate
[UnityMemory] Configuration Parameters - Can be set up in boot.config
    "memorysetup-bucket-allocator-granularity=16"
    "memorysetup-bucket-allocator-bucket-count=8"
    "memorysetup-bucket-allocator-block-size=33554432"
    "memorysetup-bucket-allocator-block-count=8"
    "memorysetup-main-allocator-block-size=16777216"
    "memorysetup-thread-allocator-block-size=16777216"
    "memorysetup-gfx-main-allocator-block-size=16777216"
    "memorysetup-gfx-thread-allocator-block-size=16777216"
    "memorysetup-cache-allocator-block-size=4194304"
    "memorysetup-typetree-allocator-block-size=2097152"
    "memorysetup-profiler-bucket-allocator-granularity=16"
    "memorysetup-profiler-bucket-allocator-bucket-count=8"
    "memorysetup-profiler-bucket-allocator-block-size=33554432"
    "memorysetup-profiler-bucket-allocator-block-count=8"
    "memorysetup-profiler-allocator-block-size=16777216"
    "memorysetup-profiler-editor-allocator-block-size=1048576"
    "memorysetup-temp-allocator-size-main=16777216"
    "memorysetup-job-temp-allocator-block-size=2097152"
    "memorysetup-job-temp-allocator-block-size-background=1048576"
    "memorysetup-job-temp-allocator-reduction-small-platforms=262144"
    "memorysetup-temp-allocator-size-background-worker=32768"
    "memorysetup-temp-allocator-size-job-worker=262144"
    "memorysetup-temp-allocator-size-preload-manager=33554432"
    "memorysetup-temp-allocator-size-nav-mesh-worker=65536"
    "memorysetup-temp-allocator-size-audio-worker=65536"
    "memorysetup-temp-allocator-size-cloud-worker=32768"
    "memorysetup-temp-allocator-size-gi-baking-worker=262144"
    "memorysetup-temp-allocator-size-gfx=262144"
Refreshing native plugins compatible for Editor in 160.48 ms, found 8 plugins.
Preloading 0 native plugins for Editor in 0.00 ms.
Initialize engine version: 2021.3.6f1 (7da38d85baf6)
[Subsystems] Discovering subsystems at path C:/Program Files/Unity/Hub/Editor/2021.3.6f1/Editor/Data/Resources/UnitySubsystems
[Subsystems] Discovering subsystems at path C:/Users/eriko/Documents/GitHub/gibstutz/Dont Hesitate/Assets
GfxDevice: creating device client; threaded=0; jobified=0
Direct3D:
    Version:  Direct3D 11.0 [level 11.1]
    Renderer: NVIDIA GeForce RTX 3070 (ID=0x2484)
    Vendor:   NVIDIA
    VRAM:     8043 MB
    Driver:   30.0.15.1235
Initialize mono
Mono path[0] = 'C:/Program Files/Unity/Hub/Editor/2021.3.6f1/Editor/Data/Managed'
Mono path[1] = 'C:/Program Files/Unity/Hub/Editor/2021.3.6f1/Editor/Data/MonoBleedingEdge/lib/mono/unityjit-win32'
Mono config path = 'C:/Program Files/Unity/Hub/Editor/2021.3.6f1/Editor/Data/MonoBleedingEdge/etc'
Using monoOptions --debugger-agent=transport=dt_socket,embedding=1,server=y,suspend=n,address=127.0.0.1:56620
Begin MonoManager ReloadAssembly
Registering precompiled unity dll's ...
Register platform support module: C:/Program Files/Unity/Hub/Editor/2021.3.6f1/Editor/Data/PlaybackEngines/WindowsStandaloneSupport/UnityEditor.WindowsStandalone.Extensions.dll
Registered in 0.010757 seconds.
Native extension for WindowsStandalone target not found
Refreshing native plugins compatible for Editor in 132.22 ms, found 8 plugins.
Preloading 0 native plugins for Editor in 0.00 ms.
Mono: successfully reloaded assembly
- Completed reload, in  0.863 seconds
Domain Reload Profiling:
	ReloadAssembly (864ms)
		BeginReloadAssembly (91ms)
			ExecutionOrderSort (0ms)
			DisableScriptedObjects (0ms)
			BackupInstance (0ms)
			ReleaseScriptingObjects (0ms)
			CreateAndSetChildDomain (1ms)
		EndReloadAssembly (623ms)
			LoadAssemblies (88ms)
			RebuildTransferFunctionScriptingTraits (0ms)
			SetupTypeCache (139ms)
			ReleaseScriptCaches (0ms)
			RebuildScriptCaches (35ms)
			SetupLoadedEditorAssemblies (381ms)
				LogAssemblyErrors (0ms)
				InitializePlatformSupportModulesInManaged (11ms)
				SetLoadedEditorAssemblies (0ms)
				RefreshPlugins (132ms)
				BeforeProcessingInitializeOnLoad (2ms)
				ProcessInitializeOnLoadAttributes (179ms)
				ProcessInitializeOnLoadMethodAttributes (57ms)
				AfterProcessingInitializeOnLoad (0ms)
				EditorAssembliesLoaded (0ms)
			ExecutionOrderSort2 (0ms)
			AwakeInstancesAfterBackupRestoration (0ms)
Platform modules already initialized, skipping
Registering precompiled user dll's ...
Registered in 0.012008 seconds.
Begin MonoManager ReloadAssembly
Symbol file LoadedFromMemory doesn't match image C:\Users\eriko\Documents\GitHub\gibstutz\Dont Hesitate\Library\PackageCache\com.unity.visualscripting@1.7.8\Editor\VisualScripting.Core\Dependencies\YamlDotNet\Unity.VisualScripting.YamlDotNet.dll
Symbol file LoadedFromMemory doesn't match image C:\Users\eriko\Documents\GitHub\gibstutz\Dont Hesitate\Library\PackageCache\com.unity.visualscripting@1.7.8\Editor\VisualScripting.Core\Dependencies\DotNetZip\Unity.VisualScripting.IonicZip.dll
Native extension for WindowsStandalone target not found
Refreshing native plugins compatible for Editor in 132.88 ms, found 8 plugins.
Preloading 0 native plugins for Editor in 0.00 ms.
Package Manager log level set to [2]
Mono: successfully reloaded assembly
- Completed reload, in  1.632 seconds
Domain Reload Profiling:
	ReloadAssembly (1633ms)
		BeginReloadAssembly (138ms)
			ExecutionOrderSort (0ms)
			DisableScriptedObjects (8ms)
			BackupInstance (0ms)
			ReleaseScriptingObjects (0ms)
			CreateAndSetChildDomain (22ms)
		EndReloadAssembly (1332ms)
			LoadAssemblies (103ms)
			RebuildTransferFunctionScriptingTraits (0ms)
			SetupTypeCache (359ms)
			ReleaseScriptCaches (1ms)
			RebuildScriptCaches (71ms)
			SetupLoadedEditorAssemblies (727ms)
				LogAssemblyErrors (0ms)
				InitializePlatformSupportModulesInManaged (6ms)
				SetLoadedEditorAssemblies (0ms)
				RefreshPlugins (133ms)
				BeforeProcessingInitializeOnLoad (148ms)
				ProcessInitializeOnLoadAttributes (393ms)
				ProcessInitializeOnLoadMethodAttributes (33ms)
				AfterProcessingInitializeOnLoad (13ms)
				EditorAssembliesLoaded (0ms)
			ExecutionOrderSort2 (0ms)
			AwakeInstancesAfterBackupRestoration (8ms)
Platform modules already initialized, skipping
========================================================================
Worker process is ready to serve import requests
Launched and connected shader compiler UnityShaderCompiler.exe after 0.04 seconds
Refreshing native plugins compatible for Editor in 0.94 ms, found 8 plugins.
Preloading 0 native plugins for Editor in 0.00 ms.
Unloading 4167 Unused Serialized files (Serialized files now loaded: 0)
Unloading 54 unused Assets / (381.2 KB). Loaded Objects now: 4613.
Memory consumption went from 149.1 MB to 148.7 MB.
Total: 4.091500 ms (FindLiveObjects: 0.301400 ms CreateObjectMapping: 0.169500 ms MarkObjects: 3.350100 ms  DeleteObjects: 0.268900 ms)

AssetImportParameters requested are different than current active one (requested -> active):
  custom:video-decoder-ogg-theora: a1e56fd34408186e4bbccfd4996cb3dc -> 
  custom:container-muxer-webm: aa71ff27fc2769a1b78a27578f13a17b -> 
  custom:container-demuxer-webm: 4f35f7cbe854078d1ac9338744f61a02 -> 
  custom:video-encoder-webm-vp8: eb34c28f22e8b96e1ab97ce403110664 -> 
  custom:audio-encoder-webm-vorbis: bf7c407c2cedff20999df2af8eb42d56 -> 
  custom:framework-win-MediaFoundation: 216162199b28c13a410421893ffa2e32 -> 
  custom:container-demuxer-ogg: 62fdf1f143b41e24485cea50d1cbac27 -> 
  custom:video-decoder-webm-vp8: 9c59270c3fd7afecdb556c50c9e8de78 -> 
  custom:audio-decoder-ogg-vorbis: bf7c407c2cedff20999df2af8eb42d56 -> 
========================================================================
Received Import Request.
  Time since last request: 939340.230470 seconds.
  path: Assets/AutoHand/Resources/AutoHandLogo.png
  artifactKey: Guid(4aa0097bb740ce149bfa63066595d275) Importer(815301076,1909f56bfc062723c751e8b465ee728b)
Start importing Assets/AutoHand/Resources/AutoHandLogo.png using Guid(4aa0097bb740ce149bfa63066595d275) Importer(815301076,1909f56bfc062723c751e8b465ee728b)  -> (artifact id: '03b6382e75b29e4ccd7be3f14ecc3951') in 0.168443 seconds 
========================================================================
Received Import Request.
  Time since last request: 0.000028 seconds.
  path: Assets/AutoHand/Examples/Mesh/Basketball/textures/DefaultMaterial_albedo.jpg
  artifactKey: Guid(2f70e1cbb1c30d7429aca20ceb82816e) Importer(815301076,1909f56bfc062723c751e8b465ee728b)
Start importing Assets/AutoHand/Examples/Mesh/Basketball/textures/DefaultMaterial_albedo.jpg using Guid(2f70e1cbb1c30d7429aca20ceb82816e) Importer(815301076,1909f56bfc062723c751e8b465ee728b)  -> (artifact id: '9b3828807a5c128fb1e1afced36f1272') in 0.040620 seconds 
========================================================================
Received Import Request.
  Time since last request: 0.000035 seconds.
  path: Assets/AutoHand/Examples/Textures/InformationIconOff 1.png
  artifactKey: Guid(595dc4a2287137a45a3e491f9a88dace) Importer(815301076,1909f56bfc062723c751e8b465ee728b)
Start importing Assets/AutoHand/Examples/Textures/InformationIconOff 1.png using Guid(595dc4a2287137a45a3e491f9a88dace) Importer(815301076,1909f56bfc062723c751e8b465ee728b)  -> (artifact id: '798667af2175cfa0a02184bc2a0c16e1') in 0.032567 seconds 
========================================================================
Received Import Request.
  Time since last request: 0.000031 seconds.
  path: Assets/terrain/Samples/Terrain Tools/0.1.0-preview/Terrain Assets/BrushTextures/ridge05.tif
  artifactKey: Guid(d5746b47e7c4501479a9aaa297c095e3) Importer(815301076,1909f56bfc062723c751e8b465ee728b)
Start importing Assets/terrain/Samples/Terrain Tools/0.1.0-preview/Terrain Assets/BrushTextures/ridge05.tif using Guid(d5746b47e7c4501479a9aaa297c095e3) Importer(815301076,1909f56bfc062723c751e8b465ee728b)  -> (artifact id: 'c40e6ed12cdae3ce816faa090821c9ce') in 0.056310 seconds 
========================================================================
Received Import Request.
  Time since last request: 0.000023 seconds.
  path: Assets/AutoHand/Examples/Textures/Background.png
  artifactKey: Guid(5697c26ee2ef0c848996640f6a3d3432) Importer(815301076,1909f56bfc062723c751e8b465ee728b)
Start importing Assets/AutoHand/Examples/Textures/Background.png using Guid(5697c26ee2ef0c848996640f6a3d3432) Importer(815301076,1909f56bfc062723c751e8b465ee728b)  -> (artifact id: '1ec16f71b283459533997a85d35af8ac') in 0.027637 seconds 
========================================================================
Received Import Request.
  Time since last request: 0.000023 seconds.
  path: Assets/gun models/mp9/Gun_Metal_Scratched_001_SD/Gun_Metal_Scratched_001_OCC.jpg
  artifactKey: Guid(ca98b684c4115b64893b0eb5bc14d2f9) Importer(815301076,1909f56bfc062723c751e8b465ee728b)
Start importing Assets/gun models/mp9/Gun_Metal_Scratched_001_SD/Gun_Metal_Scratched_001_OCC.jpg using Guid(ca98b684c4115b64893b0eb5bc14d2f9) Importer(815301076,1909f56bfc062723c751e8b465ee728b)  -> (artifact id: '04a37a25e856357b4893873f9dfc7d86') in 0.025307 seconds 
========================================================================
Received Import Request.
  Time since last request: 0.000022 seconds.
  path: Assets/gun models/mp9/Gun_Metal_Scratched_001_SD/Gun_Metal_Scratched_001_ROUGH.jpg
  artifactKey: Guid(01b4cd6e77ebf3f47841cdd502cdcf75) Importer(815301076,1909f56bfc062723c751e8b465ee728b)
Start importing Assets/gun models/mp9/Gun_Metal_Scratched_001_SD/Gun_Metal_Scratched_001_ROUGH.jpg using Guid(01b4cd6e77ebf3f47841cdd502cdcf75) Importer(815301076,1909f56bfc062723c751e8b465ee728b)  -> (artifact id: '312c93d345d4b5e347a4d9cadcdacee7') in 0.025499 seconds 
========================================================================
Received Import Request.
  Time since last request: 0.000025 seconds.
  path: Assets/AutoHand/Examples/Mesh/Chest/textures/chest_lambert1_BaseColor.png
  artifactKey: Guid(1557809f759ddec4d988e8c6e52a5694) Importer(815301076,1909f56bfc062723c751e8b465ee728b)
Start importing Assets/AutoHand/Examples/Mesh/Chest/textures/chest_lambert1_BaseColor.png using Guid(1557809f759ddec4d988e8c6e52a5694) Importer(815301076,1909f56bfc062723c751e8b465ee728b)  -> (artifact id: '14c594afe512bdc41242ca77e1d32ccd') in 0.017986 seconds 
========================================================================
Received Import Request.
  Time since last request: 0.000041 seconds.
  path: Assets/terrain/Samples/Terrain Tools/0.1.0-preview/Terrain Assets/BrushTextures/island01.tif
  artifactKey: Guid(043a3cc82df9fb94aba4f90d2009efc7) Importer(815301076,1909f56bfc062723c751e8b465ee728b)
Start importing Assets/terrain/Samples/Terrain Tools/0.1.0-preview/Terrain Assets/BrushTextures/island01.tif using Guid(043a3cc82df9fb94aba4f90d2009efc7) Importer(815301076,1909f56bfc062723c751e8b465ee728b)  -> (artifact id: '35c74a349a0661590839d2df3f4c3b3c') in 0.025756 seconds 
========================================================================
Received Import Request.
  Time since last request: 0.000023 seconds.
  path: Assets/AutoHand/Examples/Mesh/grenade/textures/grenadeColor.png
  artifactKey: Guid(ae9c3a86245a569498064a6180770afc) Importer(815301076,1909f56bfc062723c751e8b465ee728b)
Start importing Assets/AutoHand/Examples/Mesh/grenade/textures/grenadeColor.png using Guid(ae9c3a86245a569498064a6180770afc) Importer(815301076,1909f56bfc062723c751e8b465ee728b)  -> (artifact id: '34a29f913dec3845a02412cedd9e2206') in 0.021692 seconds 
========================================================================
Received Import Request.
  Time since last request: 0.000024 seconds.
  path: Assets/AutoHand/Examples/Mesh/Basketball/textures/DefaultMaterial_AO.jpg
  artifactKey: Guid(a765e34dac9322b4094cc8d066bbed5d) Importer(815301076,1909f56bfc062723c751e8b465ee728b)
Start importing Assets/AutoHand/Examples/Mesh/Basketball/textures/DefaultMaterial_AO.jpg using Guid(a765e34dac9322b4094cc8d066bbed5d) Importer(815301076,1909f56bfc062723c751e8b465ee728b)  -> (artifact id: 'f54b2bdb2109349a158e6083cc1699ea') in 0.027200 seconds 
========================================================================
Received Import Request.
  Time since last request: 0.000026 seconds.
  path: Assets/TextMesh Pro/Examples & Extras/Textures/Floor Tiles 1 - diffuse.jpg
  artifactKey: Guid(85ac55597b97403c82fc6601a93cf241) Importer(815301076,1909f56bfc062723c751e8b465ee728b)
Start importing Assets/TextMesh Pro/Examples & Extras/Textures/Floor Tiles 1 - diffuse.jpg using Guid(85ac55597b97403c82fc6601a93cf241) Importer(815301076,1909f56bfc062723c751e8b465ee728b)  -> (artifact id: 'cc3d34ae1b825dfedc3caf799692909c') in 0.027733 seconds 
========================================================================
Received Import Request.
  Time since last request: 0.000027 seconds.
  path: Assets/gun models/mp9/Materials/Plastic_Rough_001_height.png
  artifactKey: Guid(3a67a1147d53aad4896e1ffefd5613b9) Importer(815301076,1909f56bfc062723c751e8b465ee728b)
Start importing Assets/gun models/mp9/Materials/Plastic_Rough_001_height.png using Guid(3a67a1147d53aad4896e1ffefd5613b9) Importer(815301076,1909f56bfc062723c751e8b465ee728b)  -> (artifact id: 'e78d46f77f319be6a1c3662401dc828a') in 0.025055 seconds 
========================================================================
Received Import Request.
  Time since last request: 0.000024 seconds.
  path: Assets/terrain/Samples/Terrain Tools/0.1.0-preview/Terrain Assets/BrushTextures/mountain05.tif
  artifactKey: Guid(59cf4095c6c8e0f488ebe12abd1e569a) Importer(815301076,1909f56bfc062723c751e8b465ee728b)
Start importing Assets/terrain/Samples/Terrain Tools/0.1.0-preview/Terrain Assets/BrushTextures/mountain05.tif using Guid(59cf4095c6c8e0f488ebe12abd1e569a) Importer(815301076,1909f56bfc062723c751e8b465ee728b)  -> (artifact id: '7c57ccc2e5ceeefaf0af4fbc05baf713') in 0.029947 seconds 
========================================================================
Received Import Request.
  Time since last request: 0.000026 seconds.
  path: Assets/AutoHand/Examples/Mesh/Gloves/textures/Boxing-Glove.png
  artifactKey: Guid(daad5495d770cb8429b4b0234ef636e8) Importer(815301076,1909f56bfc062723c751e8b465ee728b)
Start importing Assets/AutoHand/Examples/Mesh/Gloves/textures/Boxing-Glove.png using Guid(daad5495d770cb8429b4b0234ef636e8) Importer(815301076,1909f56bfc062723c751e8b465ee728b)  -> (artifact id: 'f26966707045ab0978fc8ff067d87885') in 0.015860 seconds 
========================================================================
Received Import Request.
  Time since last request: 0.000028 seconds.
  path: Assets/terrain/Samples/Terrain Tools/0.1.0-preview/Terrain Assets/BrushTextures/canyon05.tif
  artifactKey: Guid(3771b24b1afb4bd4d86e3ba795b65a32) Importer(815301076,1909f56bfc062723c751e8b465ee728b)
Start importing Assets/terrain/Samples/Terrain Tools/0.1.0-preview/Terrain Assets/BrushTextures/canyon05.tif using Guid(3771b24b1afb4bd4d86e3ba795b65a32) Importer(815301076,1909f56bfc062723c751e8b465ee728b)  -> (artifact id: 'ee20aff999911fbb985a9cbbfdb78ffb') in 0.030551 seconds 
========================================================================
Received Import Request.
  Time since last request: 0.000038 seconds.
  path: Assets/terrain/Samples/Terrain Tools/0.1.0-preview/Terrain Assets/BrushTextures/mountain03.tif
  artifactKey: Guid(eb8981774e4509b4ba09dcceaf8814d1) Importer(815301076,1909f56bfc062723c751e8b465ee728b)
Start importing Assets/terrain/Samples/Terrain Tools/0.1.0-preview/Terrain Assets/BrushTextures/mountain03.tif using Guid(eb8981774e4509b4ba09dcceaf8814d1) Importer(815301076,1909f56bfc062723c751e8b465ee728b)  -> (artifact id: 'aafea2610774d29067e4cba17556a23b') in 0.026730 seconds 
========================================================================
Received Import Request.
  Time since last request: 0.000034 seconds.
  path: Assets/AutoHand/Examples/Mesh/Basketball/textures/DefaultMaterial_normal.jpg
  artifactKey: Guid(603bc0344e542ab45ba300a5bad408a9) Importer(815301076,1909f56bfc062723c751e8b465ee728b)
Start importing Assets/AutoHand/Examples/Mesh/Basketball/textures/DefaultMaterial_normal.jpg using Guid(603bc0344e542ab45ba300a5bad408a9) Importer(815301076,1909f56bfc062723c751e8b465ee728b)  -> (artifact id: 'e3800407a40db8c7d25a425c01c9f90e') in 0.026239 seconds 
========================================================================
Received Import Request.
  Time since last request: 0.000024 seconds.
  path: Assets/TextMesh Pro/Examples & Extras/Textures/Mask Zig-n-Zag.psd
  artifactKey: Guid(bb8dfcd263ad4eb383a33d74a720be6f) Importer(815301076,1909f56bfc062723c751e8b465ee728b)
Start importing Assets/TextMesh Pro/Examples & Extras/Textures/Mask Zig-n-Zag.psd using Guid(bb8dfcd263ad4eb383a33d74a720be6f) Importer(815301076,1909f56bfc062723c751e8b465ee728b)  -> (artifact id: 'c381d7dfdeb77d79045d29f32eb4d015') in 0.028092 seconds 
========================================================================
Received Import Request.
  Time since last request: 0.000027 seconds.
  path: Assets/TextMesh Pro/Examples & Extras/Sprites/Default Sprites.png
  artifactKey: Guid(a0fc465d6cf04254a2938578735e2383) Importer(815301076,1909f56bfc062723c751e8b465ee728b)
Start importing Assets/TextMesh Pro/Examples & Extras/Sprites/Default Sprites.png using Guid(a0fc465d6cf04254a2938578735e2383) Importer(815301076,1909f56bfc062723c751e8b465ee728b)  -> (artifact id: 'c35aada976232131a34cbe95cc37e92a') in 0.027597 seconds 
========================================================================
Received Import Request.
  Time since last request: 0.000024 seconds.
  path: Assets/terrain/Samples/Terrain Tools/0.1.0-preview/Terrain Assets/BrushTextures/mountain07.tif
  artifactKey: Guid(ce420f179549a9c4f9a08a26260e8d18) Importer(815301076,1909f56bfc062723c751e8b465ee728b)
Start importing Assets/terrain/Samples/Terrain Tools/0.1.0-preview/Terrain Assets/BrushTextures/mountain07.tif using Guid(ce420f179549a9c4f9a08a26260e8d18) Importer(815301076,1909f56bfc062723c751e8b465ee728b)  -> (artifact id: 'ff47f73a0a3fe8b5d26821686c127b87') in 0.029595 seconds 
========================================================================
Received Import Request.
  Time since last request: 0.000026 seconds.
  path: Assets/TextMesh Pro/Examples & Extras/Textures/Gradient Vertical (Color).jpg
  artifactKey: Guid(03d0538de6e24c0f819bfc9ce084dfa9) Importer(815301076,1909f56bfc062723c751e8b465ee728b)
Start importing Assets/TextMesh Pro/Examples & Extras/Textures/Gradient Vertical (Color).jpg using Guid(03d0538de6e24c0f819bfc9ce084dfa9) Importer(815301076,1909f56bfc062723c751e8b465ee728b)  -> (artifact id: 'b12675104e758db1ebab233981712299') in 0.022392 seconds 
========================================================================
Received Import Request.
  Time since last request: 0.000022 seconds.
  path: Assets/terrain/Samples/Terrain Tools/0.1.0-preview/Terrain Assets/BrushTextures/canyon01.tif
  artifactKey: Guid(903360ef543b50449ae74931c4fddc2c) Importer(815301076,1909f56bfc062723c751e8b465ee728b)
Start importing Assets/terrain/Samples/Terrain Tools/0.1.0-preview/Terrain Assets/BrushTextures/canyon01.tif using Guid(903360ef543b50449ae74931c4fddc2c) Importer(815301076,1909f56bfc062723c751e8b465ee728b)  -> (artifact id: 'a1ebbe9ca067177389939681f80520eb') in 0.026194 seconds 
========================================================================
Received Import Request.
  Time since last request: 0.000035 seconds.
  path: Assets/AutoHand/Examples/Textures/Circle.png
  artifactKey: Guid(311c7cdf8fe16d04690385006f507421) Importer(815301076,1909f56bfc062723c751e8b465ee728b)
Start importing Assets/AutoHand/Examples/Textures/Circle.png using Guid(311c7cdf8fe16d04690385006f507421) Importer(815301076,1909f56bfc062723c751e8b465ee728b)  -> (artifact id: '8143a5b364f5dc10e2f66f43edba95af') in 0.024154 seconds 
========================================================================
Received Import Request.
  Time since last request: 0.000022 seconds.
  path: Assets/AutoHand/Examples/Textures/block-color.jpg
  artifactKey: Guid(d73b762684892a343a0dae62d5651841) Importer(815301076,1909f56bfc062723c751e8b465ee728b)
Start importing Assets/AutoHand/Examples/Textures/block-color.jpg using Guid(d73b762684892a343a0dae62d5651841) Importer(815301076,1909f56bfc062723c751e8b465ee728b)  -> (artifact id: 'ebdad02614bba0ef651d7bf3c42a9c33') in 0.016606 seconds 
========================================================================
Received Import Request.
  Time since last request: 0.000024 seconds.
  path: Assets/AutoHand/Examples/Textures/GreyDevGrid_Diffuse.png
  artifactKey: Guid(7d844af2f5730a5459486699bf0d3956) Importer(815301076,1909f56bfc062723c751e8b465ee728b)
Start importing Assets/AutoHand/Examples/Textures/GreyDevGrid_Diffuse.png using Guid(7d844af2f5730a5459486699bf0d3956) Importer(815301076,1909f56bfc062723c751e8b465ee728b)  -> (artifact id: '938fb5d06e7c10e053d983f1d44f343c') in 0.014972 seconds 
========================================================================
Received Import Request.
  Time since last request: 0.000025 seconds.
  path: Assets/terrain/Samples/Terrain Tools/0.1.0-preview/Terrain Assets/BrushTextures/plateau01.tif
  artifactKey: Guid(626e11c44313fda43a6979c9a04cd12e) Importer(815301076,1909f56bfc062723c751e8b465ee728b)
Start importing Assets/terrain/Samples/Terrain Tools/0.1.0-preview/Terrain Assets/BrushTextures/plateau01.tif using Guid(626e11c44313fda43a6979c9a04cd12e) Importer(815301076,1909f56bfc062723c751e8b465ee728b)  -> (artifact id: '697d97c0ce9a893b4fab417f01fecac1') in 0.027742 seconds 
========================================================================
Received Import Request.
  Time since last request: 0.000026 seconds.
  path: Assets/AutoHand/Examples/Textures/Sample.TGA
  artifactKey: Guid(e80c5f0efe3aafa48b669913f73439df) Importer(815301076,1909f56bfc062723c751e8b465ee728b)
Start importing Assets/AutoHand/Examples/Textures/Sample.TGA using Guid(e80c5f0efe3aafa48b669913f73439df) Importer(815301076,1909f56bfc062723c751e8b465ee728b)  -> (artifact id: 'a999ad16bd4d6b24ebfbdb3ebb903d5d') in 0.021800 seconds 
========================================================================
Received Import Request.
  Time since last request: 0.000025 seconds.
  path: Assets/TextMesh Pro/Examples & Extras/Sprites/DropCap Numbers.psd
  artifactKey: Guid(fd09957580ac4326916010f1f260975b) Importer(815301076,1909f56bfc062723c751e8b465ee728b)
Start importing Assets/TextMesh Pro/Examples & Extras/Sprites/DropCap Numbers.psd using Guid(fd09957580ac4326916010f1f260975b) Importer(815301076,1909f56bfc062723c751e8b465ee728b)  -> (artifact id: 'f7058bb346cca24c0dae49b1f340ff39') in 0.025369 seconds 
========================================================================
Received Import Request.
  Time since last request: 0.000024 seconds.
  path: Assets/terrain/Samples/Terrain Tools/0.1.0-preview/Terrain Assets/BrushTextures/clouds.tif
  artifactKey: Guid(791ebe8a3d329b34ca7dc4616ec3cd34) Importer(815301076,1909f56bfc062723c751e8b465ee728b)
Start importing Assets/terrain/Samples/Terrain Tools/0.1.0-preview/Terrain Assets/BrushTextures/clouds.tif using Guid(791ebe8a3d329b34ca7dc4616ec3cd34) Importer(815301076,1909f56bfc062723c751e8b465ee728b)  -> (artifact id: 'e2571daebb551ebb01e01614cc00725d') in 0.023876 seconds 
========================================================================
Received Import Request.
  Time since last request: 0.000024 seconds.
  path: Assets/gun models/mp9/Gun_Metal_Scratched_001_SD/Gun_Metal_Scratched_001_NORM.jpg
  artifactKey: Guid(c96818db828c84f43a4add8a7d254fb1) Importer(815301076,1909f56bfc062723c751e8b465ee728b)
Start importing Assets/gun models/mp9/Gun_Metal_Scratched_001_SD/Gun_Metal_Scratched_001_NORM.jpg using Guid(c96818db828c84f43a4add8a7d254fb1) Importer(815301076,1909f56bfc062723c751e8b465ee728b)  -> (artifact id: '6cfb55da275d76beacadb8c6e6e24ea5') in 0.028486 seconds 
========================================================================
Received Import Request.
  Time since last request: 0.000034 seconds.
  path: Assets/gun models/mp9/Materials/Plastic_Rough_001_basecolor.jpg
  artifactKey: Guid(42fa7bdb6ff16964d924b4824353428f) Importer(815301076,1909f56bfc062723c751e8b465ee728b)
Start importing Assets/gun models/mp9/Materials/Plastic_Rough_001_basecolor.jpg using Guid(42fa7bdb6ff16964d924b4824353428f) Importer(815301076,1909f56bfc062723c751e8b465ee728b)  -> (artifact id: 'ea714539d6e249d6669e46872e6a1da1') in 0.024928 seconds 
========================================================================
Received Import Request.
  Time since last request: 0.000038 seconds.
  path: Assets/terrain/Samples/Terrain Tools/0.1.0-preview/Terrain Assets/BrushTextures/errosion01.tif
  artifactKey: Guid(228af47692a8c7c49b93049646ac6c46) Importer(815301076,1909f56bfc062723c751e8b465ee728b)
Start importing Assets/terrain/Samples/Terrain Tools/0.1.0-preview/Terrain Assets/BrushTextures/errosion01.tif using Guid(228af47692a8c7c49b93049646ac6c46) Importer(815301076,1909f56bfc062723c751e8b465ee728b)  -> (artifact id: '1541a5a5f3304ce6854796ecfb267f76') in 0.032117 seconds 
========================================================================
Received Import Request.
  Time since last request: 0.000024 seconds.
  path: Assets/terrain/Samples/Terrain Tools/0.1.0-preview/Terrain Assets/BrushTextures/plateau03.tif
  artifactKey: Guid(116d48bc82e4c0a4683cbd79927b4596) Importer(815301076,1909f56bfc062723c751e8b465ee728b)
Start importing Assets/terrain/Samples/Terrain Tools/0.1.0-preview/Terrain Assets/BrushTextures/plateau03.tif using Guid(116d48bc82e4c0a4683cbd79927b4596) Importer(815301076,1909f56bfc062723c751e8b465ee728b)  -> (artifact id: '08316682432635b83c3448a0f85344de') in 0.024031 seconds 
========================================================================
Received Import Request.
  Time since last request: 0.000027 seconds.
  path: Assets/gun models/mp9/Gun_Metal_Scratched_001_SD/Gun_Metal_Scratched_001_COLOR.jpg
  artifactKey: Guid(7437ed31b7b6baf47a2289fed3938b08) Importer(815301076,1909f56bfc062723c751e8b465ee728b)
Start importing Assets/gun models/mp9/Gun_Metal_Scratched_001_SD/Gun_Metal_Scratched_001_COLOR.jpg using Guid(7437ed31b7b6baf47a2289fed3938b08) Importer(815301076,1909f56bfc062723c751e8b465ee728b)  -> (artifact id: '8b3490f6d727c74ddf1d4e38a1739c3c') in 0.022661 seconds 
========================================================================
Received Import Request.
  Time since last request: 0.000029 seconds.
  path: Assets/AutoHand/Examples/Mesh/Gloves/source/Boxing Glove/Boxing-Glove.png
  artifactKey: Guid(c3fa82dd60be07548a39dcbef05c70e6) Importer(815301076,1909f56bfc062723c751e8b465ee728b)
Start importing Assets/AutoHand/Examples/Mesh/Gloves/source/Boxing Glove/Boxing-Glove.png using Guid(c3fa82dd60be07548a39dcbef05c70e6) Importer(815301076,1909f56bfc062723c751e8b465ee728b)  -> (artifact id: '3e38ab5dfaa413e332cae31412695bcf') in 0.010555 seconds 
========================================================================
Received Import Request.
  Time since last request: 0.000035 seconds.
  path: Assets/AutoHand/Examples/Textures/InformationIcon.png
  artifactKey: Guid(4ac6788018f8e1742b8576503cb09f18) Importer(815301076,1909f56bfc062723c751e8b465ee728b)
Start importing Assets/AutoHand/Examples/Textures/InformationIcon.png using Guid(4ac6788018f8e1742b8576503cb09f18) Importer(815301076,1909f56bfc062723c751e8b465ee728b)  -> (artifact id: '754a13041df3e4208b80a58bbd500bf9') in 0.022449 seconds 
========================================================================
Received Import Request.
  Time since last request: 0.000021 seconds.
  path: Assets/terrain/Samples/Terrain Tools/0.1.0-preview/Terrain Assets/BrushTextures/plateau02.tif
  artifactKey: Guid(7fce2600db05ae54ea39d9e5681232cc) Importer(815301076,1909f56bfc062723c751e8b465ee728b)
Start importing Assets/terrain/Samples/Terrain Tools/0.1.0-preview/Terrain Assets/BrushTextures/plateau02.tif using Guid(7fce2600db05ae54ea39d9e5681232cc) Importer(815301076,1909f56bfc062723c751e8b465ee728b)  -> (artifact id: 'e5d0b5a45f672435d076f01281f9d0bf') in 0.027163 seconds 
Editor requested this worker to shutdown with reason: Scaling down because of idle timeout
AssetImportWorker is now disconnected from the server
Process exiting
Exiting without the bug reporter. Application will terminate with return code 0