Using pre-set license
Built from '2021.3/staging' branch; Version is '2021.3.6f1 (7da38d85baf6) revision 8233869'; Using compiler version '192829333'; Build Type 'Release'
OS: 'Windows 10  (10.0.19044) 64bit Core' Language: 'en' Physical Memory: 32637 MB
BatchMode: 1, IsHumanControllingUs: 0, StartBugReporterOnCrash: 0, Is64bit: 1, IsPro: 1

COMMAND LINE ARGUMENTS:
C:\Program Files\Unity\Hub\Editor\2021.3.6f1\Editor\Unity.exe
-adb2
-batchMode
-noUpm
-name
AssetImportWorker2
-projectPath
C:/Users/eriko/Documents/GitHub/gibstutz/Dont Hesitate
-logFile
Logs/AssetImportWorker2.log
-srvPort
50923
Successfully changed project path to: C:/Users/eriko/Documents/GitHub/gibstutz/Dont Hesitate
C:/Users/eriko/Documents/GitHub/gibstutz/Dont Hesitate
[UnityMemory] Configuration Parameters - Can be set up in boot.config
    "memorysetup-bucket-allocator-granularity=16"
    "memorysetup-bucket-allocator-bucket-count=8"
    "memorysetup-bucket-allocator-block-size=33554432"
    "memorysetup-bucket-allocator-block-count=8"
    "memorysetup-main-allocator-block-size=16777216"
    "memorysetup-thread-allocator-block-size=16777216"
    "memorysetup-gfx-main-allocator-block-size=16777216"
    "memorysetup-gfx-thread-allocator-block-size=16777216"
    "memorysetup-cache-allocator-block-size=4194304"
    "memorysetup-typetree-allocator-block-size=2097152"
    "memorysetup-profiler-bucket-allocator-granularity=16"
    "memorysetup-profiler-bucket-allocator-bucket-count=8"
    "memorysetup-profiler-bucket-allocator-block-size=33554432"
    "memorysetup-profiler-bucket-allocator-block-count=8"
    "memorysetup-profiler-allocator-block-size=16777216"
    "memorysetup-profiler-editor-allocator-block-size=1048576"
    "memorysetup-temp-allocator-size-main=16777216"
    "memorysetup-job-temp-allocator-block-size=2097152"
    "memorysetup-job-temp-allocator-block-size-background=1048576"
    "memorysetup-job-temp-allocator-reduction-small-platforms=262144"
    "memorysetup-temp-allocator-size-background-worker=32768"
    "memorysetup-temp-allocator-size-job-worker=262144"
    "memorysetup-temp-allocator-size-preload-manager=33554432"
    "memorysetup-temp-allocator-size-nav-mesh-worker=65536"
    "memorysetup-temp-allocator-size-audio-worker=65536"
    "memorysetup-temp-allocator-size-cloud-worker=32768"
    "memorysetup-temp-allocator-size-gi-baking-worker=262144"
    "memorysetup-temp-allocator-size-gfx=262144"
Refreshing native plugins compatible for Editor in 148.33 ms, found 8 plugins.
Preloading 0 native plugins for Editor in 0.00 ms.
Initialize engine version: 2021.3.6f1 (7da38d85baf6)
[Subsystems] Discovering subsystems at path C:/Program Files/Unity/Hub/Editor/2021.3.6f1/Editor/Data/Resources/UnitySubsystems
[Subsystems] Discovering subsystems at path C:/Users/eriko/Documents/GitHub/gibstutz/Dont Hesitate/Assets
GfxDevice: creating device client; threaded=0; jobified=0
Direct3D:
    Version:  Direct3D 11.0 [level 11.1]
    Renderer: NVIDIA GeForce RTX 3070 (ID=0x2484)
    Vendor:   NVIDIA
    VRAM:     8043 MB
    Driver:   30.0.15.1235
Initialize mono
Mono path[0] = 'C:/Program Files/Unity/Hub/Editor/2021.3.6f1/Editor/Data/Managed'
Mono path[1] = 'C:/Program Files/Unity/Hub/Editor/2021.3.6f1/Editor/Data/MonoBleedingEdge/lib/mono/unityjit-win32'
Mono config path = 'C:/Program Files/Unity/Hub/Editor/2021.3.6f1/Editor/Data/MonoBleedingEdge/etc'
Using monoOptions --debugger-agent=transport=dt_socket,embedding=1,server=y,suspend=n,address=127.0.0.1:56996
Begin MonoManager ReloadAssembly
Registering precompiled unity dll's ...
Register platform support module: C:/Program Files/Unity/Hub/Editor/2021.3.6f1/Editor/Data/PlaybackEngines/WindowsStandaloneSupport/UnityEditor.WindowsStandalone.Extensions.dll
Registered in 0.008847 seconds.
Native extension for WindowsStandalone target not found
Refreshing native plugins compatible for Editor in 139.93 ms, found 8 plugins.
Preloading 0 native plugins for Editor in 0.00 ms.
Mono: successfully reloaded assembly
- Completed reload, in  0.860 seconds
Domain Reload Profiling:
	ReloadAssembly (861ms)
		BeginReloadAssembly (94ms)
			ExecutionOrderSort (0ms)
			DisableScriptedObjects (0ms)
			BackupInstance (0ms)
			ReleaseScriptingObjects (0ms)
			CreateAndSetChildDomain (1ms)
		EndReloadAssembly (626ms)
			LoadAssemblies (91ms)
			RebuildTransferFunctionScriptingTraits (0ms)
			SetupTypeCache (128ms)
			ReleaseScriptCaches (0ms)
			RebuildScriptCaches (34ms)
			SetupLoadedEditorAssemblies (393ms)
				LogAssemblyErrors (0ms)
				InitializePlatformSupportModulesInManaged (10ms)
				SetLoadedEditorAssemblies (0ms)
				RefreshPlugins (140ms)
				BeforeProcessingInitializeOnLoad (2ms)
				ProcessInitializeOnLoadAttributes (184ms)
				ProcessInitializeOnLoadMethodAttributes (56ms)
				AfterProcessingInitializeOnLoad (0ms)
				EditorAssembliesLoaded (0ms)
			ExecutionOrderSort2 (0ms)
			AwakeInstancesAfterBackupRestoration (0ms)
Platform modules already initialized, skipping
Registering precompiled user dll's ...
Registered in 0.011845 seconds.
Begin MonoManager ReloadAssembly
Symbol file LoadedFromMemory doesn't match image C:\Users\eriko\Documents\GitHub\gibstutz\Dont Hesitate\Library\PackageCache\com.unity.visualscripting@1.7.8\Editor\VisualScripting.Core\Dependencies\YamlDotNet\Unity.VisualScripting.YamlDotNet.dll
Symbol file LoadedFromMemory doesn't match image C:\Users\eriko\Documents\GitHub\gibstutz\Dont Hesitate\Library\PackageCache\com.unity.visualscripting@1.7.8\Editor\VisualScripting.Core\Dependencies\DotNetZip\Unity.VisualScripting.IonicZip.dll
Native extension for WindowsStandalone target not found
Refreshing native plugins compatible for Editor in 132.57 ms, found 8 plugins.
Preloading 0 native plugins for Editor in 0.00 ms.
Package Manager log level set to [2]
Mono: successfully reloaded assembly
- Completed reload, in  1.624 seconds
Domain Reload Profiling:
	ReloadAssembly (1625ms)
		BeginReloadAssembly (131ms)
			ExecutionOrderSort (0ms)
			DisableScriptedObjects (7ms)
			BackupInstance (0ms)
			ReleaseScriptingObjects (0ms)
			CreateAndSetChildDomain (21ms)
		EndReloadAssembly (1341ms)
			LoadAssemblies (102ms)
			RebuildTransferFunctionScriptingTraits (0ms)
			SetupTypeCache (374ms)
			ReleaseScriptCaches (1ms)
			RebuildScriptCaches (81ms)
			SetupLoadedEditorAssemblies (703ms)
				LogAssemblyErrors (0ms)
				InitializePlatformSupportModulesInManaged (7ms)
				SetLoadedEditorAssemblies (0ms)
				RefreshPlugins (133ms)
				BeforeProcessingInitializeOnLoad (135ms)
				ProcessInitializeOnLoadAttributes (385ms)
				ProcessInitializeOnLoadMethodAttributes (32ms)
				AfterProcessingInitializeOnLoad (10ms)
				EditorAssembliesLoaded (0ms)
			ExecutionOrderSort2 (0ms)
			AwakeInstancesAfterBackupRestoration (7ms)
Platform modules already initialized, skipping
========================================================================
Worker process is ready to serve import requests
Launched and connected shader compiler UnityShaderCompiler.exe after 0.04 seconds
Refreshing native plugins compatible for Editor in 0.81 ms, found 8 plugins.
Preloading 0 native plugins for Editor in 0.00 ms.
Unloading 4172 Unused Serialized files (Serialized files now loaded: 0)
Unloading 54 unused Assets / (388.6 KB). Loaded Objects now: 4619.
Memory consumption went from 149.2 MB to 148.8 MB.
Total: 3.729500 ms (FindLiveObjects: 0.287400 ms CreateObjectMapping: 0.157900 ms MarkObjects: 3.043100 ms  DeleteObjects: 0.240000 ms)

AssetImportParameters requested are different than current active one (requested -> active):
  custom:video-decoder-ogg-theora: a1e56fd34408186e4bbccfd4996cb3dc -> 
  custom:container-muxer-webm: aa71ff27fc2769a1b78a27578f13a17b -> 
  custom:container-demuxer-webm: 4f35f7cbe854078d1ac9338744f61a02 -> 
  custom:video-encoder-webm-vp8: eb34c28f22e8b96e1ab97ce403110664 -> 
  custom:audio-encoder-webm-vorbis: bf7c407c2cedff20999df2af8eb42d56 -> 
  custom:framework-win-MediaFoundation: 216162199b28c13a410421893ffa2e32 -> 
  custom:container-demuxer-ogg: 62fdf1f143b41e24485cea50d1cbac27 -> 
  custom:video-decoder-webm-vp8: 9c59270c3fd7afecdb556c50c9e8de78 -> 
  custom:audio-decoder-ogg-vorbis: bf7c407c2cedff20999df2af8eb42d56 -> 
========================================================================
Received Import Request.
  Time since last request: 100500.804764 seconds.
  path: Assets/sound/Glass, Impact, Head Hitting Windshield SND0262.wav
  artifactKey: Guid(315f7031961d0344c859bb6eebb25a85) Importer(815301076,1909f56bfc062723c751e8b465ee728b)
Start importing Assets/sound/Glass, Impact, Head Hitting Windshield SND0262.wav using Guid(315f7031961d0344c859bb6eebb25a85) Importer(815301076,1909f56bfc062723c751e8b465ee728b)  -> (artifact id: '7b781836845527ae072a39a6a68b67f4') in 0.133410 seconds 
========================================================================
Received Import Request.
  Time since last request: 50.615522 seconds.
  path: Assets/sound/collisionSimpact.wav
  artifactKey: Guid(315f7031961d0344c859bb6eebb25a85) Importer(815301076,1909f56bfc062723c751e8b465ee728b)
Start importing Assets/sound/collisionSimpact.wav using Guid(315f7031961d0344c859bb6eebb25a85) Importer(815301076,1909f56bfc062723c751e8b465ee728b)  -> (artifact id: 'e912707ef879c450480e04f76eb6126f') in 0.015626 seconds 
========================================================================
Received Import Request.
  Time since last request: 876.123754 seconds.
  path: Assets/AutoHand/Examples/Mesh/Wedge.fbx
  artifactKey: Guid(e37176e5d20046542adf1872d284029c) Importer(815301076,1909f56bfc062723c751e8b465ee728b)
Start importing Assets/AutoHand/Examples/Mesh/Wedge.fbx using Guid(e37176e5d20046542adf1872d284029c) Importer(815301076,1909f56bfc062723c751e8b465ee728b)  -> (artifact id: '06df7b0645aaf27de9597e93d238f43a') in 0.122939 seconds 
========================================================================
Received Import Request.
  Time since last request: 0.000032 seconds.
  path: Assets/AutoHand/Examples/Mesh/Lever2.fbx
  artifactKey: Guid(233f4b2ba2af7a54a9d9eba4ee1054ab) Importer(815301076,1909f56bfc062723c751e8b465ee728b)
Start importing Assets/AutoHand/Examples/Mesh/Lever2.fbx using Guid(233f4b2ba2af7a54a9d9eba4ee1054ab) Importer(815301076,1909f56bfc062723c751e8b465ee728b)  -> (artifact id: '05a038cb1ae53798b8b31532e1f33226') in 0.089419 seconds 
========================================================================
Received Import Request.
  Time since last request: 0.000037 seconds.
  path: Assets/AutoHand/Examples/Mesh/mk-2-grenade/source/Mk2grenade.FBX
  artifactKey: Guid(914e7af7336da4f4a8985ba1500e3ff5) Importer(815301076,1909f56bfc062723c751e8b465ee728b)
Start importing Assets/AutoHand/Examples/Mesh/mk-2-grenade/source/Mk2grenade.FBX using Guid(914e7af7336da4f4a8985ba1500e3ff5) Importer(815301076,1909f56bfc062723c751e8b465ee728b)  -> (artifact id: '5164e13f13d9fc2e4ba61c53e20d827c') in 0.056050 seconds 
========================================================================
Received Import Request.
  Time since last request: 0.000023 seconds.
  path: Assets/AutoHand/Examples/Mesh/SemiSphere.fbx
  artifactKey: Guid(f889576779dd2aa419b90e29465c310b) Importer(815301076,1909f56bfc062723c751e8b465ee728b)
Start importing Assets/AutoHand/Examples/Mesh/SemiSphere.fbx using Guid(f889576779dd2aa419b90e29465c310b) Importer(815301076,1909f56bfc062723c751e8b465ee728b)  -> (artifact id: '0d1ad703bb9332a30aff32f6036c82b1') in 0.045940 seconds 
========================================================================
Received Import Request.
  Time since last request: 0.000024 seconds.
  path: Assets/AutoHand/Examples/Mesh/Robohand.fbx
  artifactKey: Guid(17a48d918cf75e74aa527c89697f3d15) Importer(815301076,1909f56bfc062723c751e8b465ee728b)
Start importing Assets/AutoHand/Examples/Mesh/Robohand.fbx using Guid(17a48d918cf75e74aa527c89697f3d15) Importer(815301076,1909f56bfc062723c751e8b465ee728b)  -> (artifact id: '2267761e3d6961a4e4c44cbd26b5cd98') in 0.102133 seconds 
========================================================================
Received Import Request.
  Time since last request: 0.000027 seconds.
  path: Assets/AutoHand/Examples/Mesh/grenade/source/grenade.fbx
  artifactKey: Guid(33773056bb2ec5d49b6217fbfa705376) Importer(815301076,1909f56bfc062723c751e8b465ee728b)
Start importing Assets/AutoHand/Examples/Mesh/grenade/source/grenade.fbx using Guid(33773056bb2ec5d49b6217fbfa705376) Importer(815301076,1909f56bfc062723c751e8b465ee728b)  -> (artifact id: 'e6059691709bd84497ca6192ecc7447c') in 0.043186 seconds 
========================================================================
Received Import Request.
  Time since last request: 0.000034 seconds.
  path: Assets/AutoHand/Examples/Prefabs/Demo/Flower + vent.fbx
  artifactKey: Guid(74df12c91f6e602439a242ecd8c76e72) Importer(815301076,1909f56bfc062723c751e8b465ee728b)
Start importing Assets/AutoHand/Examples/Prefabs/Demo/Flower + vent.fbx using Guid(74df12c91f6e602439a242ecd8c76e72) Importer(815301076,1909f56bfc062723c751e8b465ee728b)  -> (artifact id: 'cb69bade43c52237414dcd71c7ad5c92') in 0.116502 seconds 
========================================================================
Received Import Request.
  Time since last request: 0.000022 seconds.
  path: Assets/AutoHand/Examples/Mesh/taco.fbx
  artifactKey: Guid(3cc40bba46667ff4f99585487337013c) Importer(815301076,1909f56bfc062723c751e8b465ee728b)
Start importing Assets/AutoHand/Examples/Mesh/taco.fbx using Guid(3cc40bba46667ff4f99585487337013c) Importer(815301076,1909f56bfc062723c751e8b465ee728b)  -> (artifact id: '3a2d5cff5666a56d4a6dfa0d7ac68f80') in 0.051958 seconds 
========================================================================
Received Import Request.
  Time since last request: 0.000034 seconds.
  path: Assets/AutoHand/Examples/Mesh/NormalCar1.fbx
  artifactKey: Guid(1ce937b39ea5e614eac6cc1e3a29a564) Importer(815301076,1909f56bfc062723c751e8b465ee728b)
Start importing Assets/AutoHand/Examples/Mesh/NormalCar1.fbx using Guid(1ce937b39ea5e614eac6cc1e3a29a564) Importer(815301076,1909f56bfc062723c751e8b465ee728b)  -> (artifact id: 'b1093a7ecdcb800688ac48ff468c69f9') in 0.095121 seconds 
========================================================================
Received Import Request.
  Time since last request: 0.000030 seconds.
  path: Assets/AutoHand/Examples/Mesh/rollingPin.fbx
  artifactKey: Guid(e08c537a5297d5a41a6df0fb383a3d81) Importer(815301076,1909f56bfc062723c751e8b465ee728b)
Start importing Assets/AutoHand/Examples/Mesh/rollingPin.fbx using Guid(e08c537a5297d5a41a6df0fb383a3d81) Importer(815301076,1909f56bfc062723c751e8b465ee728b)  -> (artifact id: 'b1d05dca75078d4fc5c2bd99ccd7c4e2') in 0.033542 seconds 
========================================================================
Received Import Request.
  Time since last request: 0.000042 seconds.
  path: Assets/AutoHand/Examples/Mesh/WoodCubes.fbx
  artifactKey: Guid(8c2d1c53b49e9f443b512b467180a771) Importer(815301076,1909f56bfc062723c751e8b465ee728b)
Start importing Assets/AutoHand/Examples/Mesh/WoodCubes.fbx using Guid(8c2d1c53b49e9f443b512b467180a771) Importer(815301076,1909f56bfc062723c751e8b465ee728b)  -> (artifact id: '12da4f71133d9f3f86e67c536b12fb93') in 0.065486 seconds 
========================================================================
Received Import Request.
  Time since last request: 0.000024 seconds.
  path: Assets/AutoHand/Examples/Mesh/Slide3.fbx
  artifactKey: Guid(1db2bca27ad6b29408e7fa2e2829815e) Importer(815301076,1909f56bfc062723c751e8b465ee728b)
Start importing Assets/AutoHand/Examples/Mesh/Slide3.fbx using Guid(1db2bca27ad6b29408e7fa2e2829815e) Importer(815301076,1909f56bfc062723c751e8b465ee728b)  -> (artifact id: 'd03a0bdf014f188d862d8b092c1d4ecd') in 0.070426 seconds 
========================================================================
Received Import Request.
  Time since last request: 0.000030 seconds.
  path: Assets/AutoHand/Examples/Mesh/Hand.fbx
  artifactKey: Guid(bd20bf05dfaa93745b0371d65b9a254f) Importer(815301076,1909f56bfc062723c751e8b465ee728b)
Start importing Assets/AutoHand/Examples/Mesh/Hand.fbx using Guid(bd20bf05dfaa93745b0371d65b9a254f) Importer(815301076,1909f56bfc062723c751e8b465ee728b)  -> (artifact id: '0ebc076b21a6222495702529f78d6b54') in 0.036970 seconds 
========================================================================
Received Import Request.
  Time since last request: 0.000022 seconds.
  path: Assets/AutoHand/Examples/Mesh/diamond.fbx
  artifactKey: Guid(515b5a09ff6953244bec74667502ecac) Importer(815301076,1909f56bfc062723c751e8b465ee728b)
Start importing Assets/AutoHand/Examples/Mesh/diamond.fbx using Guid(515b5a09ff6953244bec74667502ecac) Importer(815301076,1909f56bfc062723c751e8b465ee728b)  -> (artifact id: '142e41143a1c5a086b7496166157e881') in 0.021649 seconds 
========================================================================
Received Import Request.
  Time since last request: 0.000027 seconds.
  path: Assets/AutoHand/Examples/Mesh/Controller.fbx
  artifactKey: Guid(01bda0fe6eb1bee47b0bb7b7eb2a65d8) Importer(815301076,1909f56bfc062723c751e8b465ee728b)
Start importing Assets/AutoHand/Examples/Mesh/Controller.fbx using Guid(01bda0fe6eb1bee47b0bb7b7eb2a65d8) Importer(815301076,1909f56bfc062723c751e8b465ee728b)  -> (artifact id: '4528daa87cc671767c4ac0d6ffa0f24b') in 0.047935 seconds 
========================================================================
Received Import Request.
  Time since last request: 0.000035 seconds.
  path: Assets/AutoHand/Examples/Mesh/SteeringWheel.fbx
  artifactKey: Guid(9c73c56e677cdf9479510b3476d32033) Importer(815301076,1909f56bfc062723c751e8b465ee728b)
Start importing Assets/AutoHand/Examples/Mesh/SteeringWheel.fbx using Guid(9c73c56e677cdf9479510b3476d32033) Importer(815301076,1909f56bfc062723c751e8b465ee728b)  -> (artifact id: 'e8310ae75573e296c26ae536a6a00fd5') in 0.037656 seconds 
========================================================================
Received Import Request.
  Time since last request: 0.000025 seconds.
  path: Assets/AutoHand/Examples/Mesh/Button.fbx
  artifactKey: Guid(17685b6ae54411040bbb7cd3b294409c) Importer(815301076,1909f56bfc062723c751e8b465ee728b)
Start importing Assets/AutoHand/Examples/Mesh/Button.fbx using Guid(17685b6ae54411040bbb7cd3b294409c) Importer(815301076,1909f56bfc062723c751e8b465ee728b)  -> (artifact id: '5da1bb0a4422622361425906533e1c6d') in 0.037078 seconds 
========================================================================
Received Import Request.
  Time since last request: 0.000027 seconds.
  path: Assets/AutoHand/Examples/Mesh/Table2.fbx
  artifactKey: Guid(55d3e30edd5e12446b458f0c16ff3615) Importer(815301076,1909f56bfc062723c751e8b465ee728b)
Start importing Assets/AutoHand/Examples/Mesh/Table2.fbx using Guid(55d3e30edd5e12446b458f0c16ff3615) Importer(815301076,1909f56bfc062723c751e8b465ee728b)  -> (artifact id: 'c690f3c861cc1ab9a7a22ad7668cc019') in 0.043033 seconds 
========================================================================
Received Import Request.
  Time since last request: 0.000032 seconds.
  path: Assets/AutoHand/Examples/Mesh/hoop.dae
  artifactKey: Guid(b136c4d56a5e9c544bae56a43f78640e) Importer(815301076,1909f56bfc062723c751e8b465ee728b)
Start importing Assets/AutoHand/Examples/Mesh/hoop.dae using Guid(b136c4d56a5e9c544bae56a43f78640e) Importer(815301076,1909f56bfc062723c751e8b465ee728b)  -> (artifact id: '72d3c901583d9a46f1a3f84d12da6fec') in 0.034973 seconds 
========================================================================
Received Import Request.
  Time since last request: 0.000022 seconds.
  path: Assets/AutoHand/Examples/Mesh/Chest/source/chest.fbx
  artifactKey: Guid(77a27f9cc91f75e44a90cc46953b7977) Importer(815301076,1909f56bfc062723c751e8b465ee728b)
Start importing Assets/AutoHand/Examples/Mesh/Chest/source/chest.fbx using Guid(77a27f9cc91f75e44a90cc46953b7977) Importer(815301076,1909f56bfc062723c751e8b465ee728b)  -> (artifact id: '8ab9aebfe58cc35de6c0304e0e2ef863') in 0.044439 seconds 
========================================================================
Received Import Request.
  Time since last request: 0.000029 seconds.
  path: Assets/AutoHand/Examples/Mesh/torus.fbx
  artifactKey: Guid(a23819d74902c124390dda7537af03ff) Importer(815301076,1909f56bfc062723c751e8b465ee728b)
Start importing Assets/AutoHand/Examples/Mesh/torus.fbx using Guid(a23819d74902c124390dda7537af03ff) Importer(815301076,1909f56bfc062723c751e8b465ee728b)  -> (artifact id: '59c0b9430934665310126c737a08dc65') in 0.022875 seconds 
Editor requested this worker to shutdown with reason: Scaling down because of idle timeout
AssetImportWorker is now disconnected from the server
Process exiting
Exiting without the bug reporter. Application will terminate with return code 0