Using pre-set license
Built from '2021.3/staging' branch; Version is '2021.3.6f1 (7da38d85baf6) revision 8233869'; Using compiler version '192829333'; Build Type 'Release'
OS: 'Windows 10  (10.0.19044) 64bit Core' Language: 'en' Physical Memory: 32637 MB
BatchMode: 1, IsHumanControllingUs: 0, StartBugReporterOnCrash: 0, Is64bit: 1, IsPro: 1

COMMAND LINE ARGUMENTS:
C:\Program Files\Unity\Hub\Editor\2021.3.6f1\Editor\Unity.exe
-adb2
-batchMode
-noUpm
-name
AssetImportWorker11
-projectPath
C:/Users/eriko/Documents/GitHub/Dont Hesitate
-logFile
Logs/AssetImportWorker11.log
-srvPort
58452
Successfully changed project path to: C:/Users/eriko/Documents/GitHub/Dont Hesitate
C:/Users/eriko/Documents/GitHub/Dont Hesitate
[UnityMemory] Configuration Parameters - Can be set up in boot.config
    "memorysetup-bucket-allocator-granularity=16"
    "memorysetup-bucket-allocator-bucket-count=8"
    "memorysetup-bucket-allocator-block-size=33554432"
    "memorysetup-bucket-allocator-block-count=8"
    "memorysetup-main-allocator-block-size=16777216"
    "memorysetup-thread-allocator-block-size=16777216"
    "memorysetup-gfx-main-allocator-block-size=16777216"
    "memorysetup-gfx-thread-allocator-block-size=16777216"
    "memorysetup-cache-allocator-block-size=4194304"
    "memorysetup-typetree-allocator-block-size=2097152"
    "memorysetup-profiler-bucket-allocator-granularity=16"
    "memorysetup-profiler-bucket-allocator-bucket-count=8"
    "memorysetup-profiler-bucket-allocator-block-size=33554432"
    "memorysetup-profiler-bucket-allocator-block-count=8"
    "memorysetup-profiler-allocator-block-size=16777216"
    "memorysetup-profiler-editor-allocator-block-size=1048576"
    "memorysetup-temp-allocator-size-main=16777216"
    "memorysetup-job-temp-allocator-block-size=2097152"
    "memorysetup-job-temp-allocator-block-size-background=1048576"
    "memorysetup-job-temp-allocator-reduction-small-platforms=262144"
    "memorysetup-temp-allocator-size-background-worker=32768"
    "memorysetup-temp-allocator-size-job-worker=262144"
    "memorysetup-temp-allocator-size-preload-manager=33554432"
    "memorysetup-temp-allocator-size-nav-mesh-worker=65536"
    "memorysetup-temp-allocator-size-audio-worker=65536"
    "memorysetup-temp-allocator-size-cloud-worker=32768"
    "memorysetup-temp-allocator-size-gi-baking-worker=262144"
    "memorysetup-temp-allocator-size-gfx=262144"
Refreshing native plugins compatible for Editor in 158.76 ms, found 8 plugins.
Preloading 0 native plugins for Editor in 0.00 ms.
Initialize engine version: 2021.3.6f1 (7da38d85baf6)
[Subsystems] Discovering subsystems at path C:/Program Files/Unity/Hub/Editor/2021.3.6f1/Editor/Data/Resources/UnitySubsystems
[Subsystems] Discovering subsystems at path C:/Users/eriko/Documents/GitHub/Dont Hesitate/Assets
GfxDevice: creating device client; threaded=0; jobified=0
Direct3D:
    Version:  Direct3D 11.0 [level 11.1]
    Renderer: NVIDIA GeForce RTX 3070 (ID=0x2484)
    Vendor:   NVIDIA
    VRAM:     8043 MB
    Driver:   30.0.15.1235
Initialize mono
Mono path[0] = 'C:/Program Files/Unity/Hub/Editor/2021.3.6f1/Editor/Data/Managed'
Mono path[1] = 'C:/Program Files/Unity/Hub/Editor/2021.3.6f1/Editor/Data/MonoBleedingEdge/lib/mono/unityjit-win32'
Mono config path = 'C:/Program Files/Unity/Hub/Editor/2021.3.6f1/Editor/Data/MonoBleedingEdge/etc'
Using monoOptions --debugger-agent=transport=dt_socket,embedding=1,server=y,suspend=n,address=127.0.0.1:56588
Begin MonoManager ReloadAssembly
Registering precompiled unity dll's ...
Register platform support module: C:/Program Files/Unity/Hub/Editor/2021.3.6f1/Editor/Data/PlaybackEngines/WindowsStandaloneSupport/UnityEditor.WindowsStandalone.Extensions.dll
Registered in 0.009407 seconds.
Native extension for WindowsStandalone target not found
Refreshing native plugins compatible for Editor in 139.54 ms, found 8 plugins.
Preloading 0 native plugins for Editor in 0.00 ms.
Mono: successfully reloaded assembly
- Completed reload, in  0.875 seconds
Domain Reload Profiling:
	ReloadAssembly (875ms)
		BeginReloadAssembly (93ms)
			ExecutionOrderSort (0ms)
			DisableScriptedObjects (0ms)
			BackupInstance (0ms)
			ReleaseScriptingObjects (0ms)
			CreateAndSetChildDomain (1ms)
		EndReloadAssembly (638ms)
			LoadAssemblies (90ms)
			RebuildTransferFunctionScriptingTraits (0ms)
			SetupTypeCache (130ms)
			ReleaseScriptCaches (0ms)
			RebuildScriptCaches (36ms)
			SetupLoadedEditorAssemblies (403ms)
				LogAssemblyErrors (0ms)
				InitializePlatformSupportModulesInManaged (11ms)
				SetLoadedEditorAssemblies (0ms)
				RefreshPlugins (140ms)
				BeforeProcessingInitializeOnLoad (2ms)
				ProcessInitializeOnLoadAttributes (190ms)
				ProcessInitializeOnLoadMethodAttributes (61ms)
				AfterProcessingInitializeOnLoad (0ms)
				EditorAssembliesLoaded (0ms)
			ExecutionOrderSort2 (0ms)
			AwakeInstancesAfterBackupRestoration (0ms)
Platform modules already initialized, skipping
Registering precompiled user dll's ...
Registered in 0.012220 seconds.
Begin MonoManager ReloadAssembly
Native extension for WindowsStandalone target not found
Refreshing native plugins compatible for Editor in 141.64 ms, found 8 plugins.
Preloading 0 native plugins for Editor in 0.00 ms.
Package Manager log level set to [2]
Mono: successfully reloaded assembly
- Completed reload, in  1.630 seconds
Domain Reload Profiling:
	ReloadAssembly (1631ms)
		BeginReloadAssembly (134ms)
			ExecutionOrderSort (0ms)
			DisableScriptedObjects (7ms)
			BackupInstance (0ms)
			ReleaseScriptingObjects (0ms)
			CreateAndSetChildDomain (21ms)
		EndReloadAssembly (1344ms)
			LoadAssemblies (110ms)
			RebuildTransferFunctionScriptingTraits (0ms)
			SetupTypeCache (350ms)
			ReleaseScriptCaches (1ms)
			RebuildScriptCaches (71ms)
			SetupLoadedEditorAssemblies (740ms)
				LogAssemblyErrors (0ms)
				InitializePlatformSupportModulesInManaged (6ms)
				SetLoadedEditorAssemblies (0ms)
				RefreshPlugins (142ms)
				BeforeProcessingInitializeOnLoad (147ms)
				ProcessInitializeOnLoadAttributes (399ms)
				ProcessInitializeOnLoadMethodAttributes (34ms)
				AfterProcessingInitializeOnLoad (12ms)
				EditorAssembliesLoaded (0ms)
			ExecutionOrderSort2 (0ms)
			AwakeInstancesAfterBackupRestoration (8ms)
Platform modules already initialized, skipping
========================================================================
Worker process is ready to serve import requests
Launched and connected shader compiler UnityShaderCompiler.exe after 0.05 seconds
Refreshing native plugins compatible for Editor in 0.81 ms, found 8 plugins.
Preloading 0 native plugins for Editor in 0.00 ms.
Unloading 4165 Unused Serialized files (Serialized files now loaded: 0)
Unloading 55 unused Assets / (431.2 KB). Loaded Objects now: 4608.
Memory consumption went from 148.8 MB to 148.4 MB.
Total: 4.460400 ms (FindLiveObjects: 0.411000 ms CreateObjectMapping: 0.403800 ms MarkObjects: 3.372300 ms  DeleteObjects: 0.271700 ms)

AssetImportParameters requested are different than current active one (requested -> active):
  custom:video-decoder-ogg-theora: a1e56fd34408186e4bbccfd4996cb3dc -> 
  custom:container-muxer-webm: aa71ff27fc2769a1b78a27578f13a17b -> 
  custom:container-demuxer-webm: 4f35f7cbe854078d1ac9338744f61a02 -> 
  custom:video-encoder-webm-vp8: eb34c28f22e8b96e1ab97ce403110664 -> 
  custom:audio-encoder-webm-vorbis: bf7c407c2cedff20999df2af8eb42d56 -> 
  custom:framework-win-MediaFoundation: 216162199b28c13a410421893ffa2e32 -> 
  custom:container-demuxer-ogg: 62fdf1f143b41e24485cea50d1cbac27 -> 
  custom:video-decoder-webm-vp8: 9c59270c3fd7afecdb556c50c9e8de78 -> 
  custom:audio-decoder-ogg-vorbis: bf7c407c2cedff20999df2af8eb42d56 -> 
========================================================================
Received Import Request.
  Time since last request: 856248.826524 seconds.
  path: Assets/gun models/working guns/glockrotate.prefab
  artifactKey: Guid(65598122e5f4b7146b492620b570469e) Importer(815301076,1909f56bfc062723c751e8b465ee728b)
Start importing Assets/gun models/working guns/glockrotate.prefab using Guid(65598122e5f4b7146b492620b570469e) Importer(815301076,1909f56bfc062723c751e8b465ee728b)  -> (artifact id: 'dc75f83ae553f745fd6dded52b3abf98') in 0.154150 seconds 
========================================================================
Received Import Request.
  Time since last request: 88.003107 seconds.
  path: Assets/gun models/knifes
  artifactKey: Guid(7613b2ceb68f5ee47ad0b915f1a8ba9a) Importer(815301076,1909f56bfc062723c751e8b465ee728b)
Start importing Assets/gun models/knifes using Guid(7613b2ceb68f5ee47ad0b915f1a8ba9a) Importer(815301076,1909f56bfc062723c751e8b465ee728b)  -> (artifact id: '925dcc8bbf6c445d3f82b7a424a1fcd8') in 0.008425 seconds 
========================================================================
Received Import Request.
  Time since last request: 0.037882 seconds.
  path: Assets/gun models/knifes/knifefbx.prefab
  artifactKey: Guid(244339759dbf4aa48918d8fd20abd053) Importer(815301076,1909f56bfc062723c751e8b465ee728b)
Start importing Assets/gun models/knifes/knifefbx.prefab using Guid(244339759dbf4aa48918d8fd20abd053) Importer(815301076,1909f56bfc062723c751e8b465ee728b)  -> (artifact id: '33f5315795cf98dbddee89265d13d239') in 0.016747 seconds 
========================================================================
Received Import Request.
  Time since last request: 1423.585293 seconds.
  path: Assets/gun models/working guns/knifefbx.prefab
  artifactKey: Guid(1c91bacc1e7db974a88156dd0fcfe944) Importer(815301076,1909f56bfc062723c751e8b465ee728b)
Start importing Assets/gun models/working guns/knifefbx.prefab using Guid(1c91bacc1e7db974a88156dd0fcfe944) Importer(815301076,1909f56bfc062723c751e8b465ee728b)  -> (artifact id: 'b6481519d2173f45a6380b15dc052c4f') in 0.022806 seconds 
========================================================================
Received Import Request.
  Time since last request: 44.617326 seconds.
  path: Assets/AutoHand/Examples/Mesh/Button.fbx
  artifactKey: Guid(17685b6ae54411040bbb7cd3b294409c) Importer(815301076,1909f56bfc062723c751e8b465ee728b)
Start importing Assets/AutoHand/Examples/Mesh/Button.fbx using Guid(17685b6ae54411040bbb7cd3b294409c) Importer(815301076,1909f56bfc062723c751e8b465ee728b)  -> (artifact id: '5da1bb0a4422622361425906533e1c6d') in 0.073046 seconds 
========================================================================
Received Import Request.
  Time since last request: 0.000025 seconds.
  path: Assets/AutoHand/Examples/Mesh/Lever2.fbx
  artifactKey: Guid(233f4b2ba2af7a54a9d9eba4ee1054ab) Importer(815301076,1909f56bfc062723c751e8b465ee728b)
Start importing Assets/AutoHand/Examples/Mesh/Lever2.fbx using Guid(233f4b2ba2af7a54a9d9eba4ee1054ab) Importer(815301076,1909f56bfc062723c751e8b465ee728b)  -> (artifact id: '05a038cb1ae53798b8b31532e1f33226') in 0.074078 seconds 
========================================================================
Received Import Request.
  Time since last request: 0.000028 seconds.
  path: Assets/AutoHand/Examples/Mesh/Table.fbx
  artifactKey: Guid(63090860fea52df4aafeda97244a962d) Importer(815301076,1909f56bfc062723c751e8b465ee728b)
Start importing Assets/AutoHand/Examples/Mesh/Table.fbx using Guid(63090860fea52df4aafeda97244a962d) Importer(815301076,1909f56bfc062723c751e8b465ee728b)  -> (artifact id: 'a8c366c75d9cd6e783c5bfd8ac01a38a') in 0.036865 seconds 
========================================================================
Received Import Request.
  Time since last request: 0.000027 seconds.
  path: Assets/AutoHand/Examples/Mesh/Dial.fbx
  artifactKey: Guid(e670e4720e64cf44bbcd26e145d479b6) Importer(815301076,1909f56bfc062723c751e8b465ee728b)
Start importing Assets/AutoHand/Examples/Mesh/Dial.fbx using Guid(e670e4720e64cf44bbcd26e145d479b6) Importer(815301076,1909f56bfc062723c751e8b465ee728b)  -> (artifact id: '4a36b662a9ae6a5b28f46e3c3d8e1079') in 0.040547 seconds 
========================================================================
Received Import Request.
  Time since last request: 0.000035 seconds.
  path: Assets/AutoHand/Examples/Mesh/Slide3.fbx
  artifactKey: Guid(1db2bca27ad6b29408e7fa2e2829815e) Importer(815301076,1909f56bfc062723c751e8b465ee728b)
Start importing Assets/AutoHand/Examples/Mesh/Slide3.fbx using Guid(1db2bca27ad6b29408e7fa2e2829815e) Importer(815301076,1909f56bfc062723c751e8b465ee728b)  -> (artifact id: 'd03a0bdf014f188d862d8b092c1d4ecd') in 0.073473 seconds 
========================================================================
Received Import Request.
  Time since last request: 0.000024 seconds.
  path: Assets/AutoHand/Examples/Mesh/diamond.fbx
  artifactKey: Guid(515b5a09ff6953244bec74667502ecac) Importer(815301076,1909f56bfc062723c751e8b465ee728b)
Start importing Assets/AutoHand/Examples/Mesh/diamond.fbx using Guid(515b5a09ff6953244bec74667502ecac) Importer(815301076,1909f56bfc062723c751e8b465ee728b)  -> (artifact id: '142e41143a1c5a086b7496166157e881') in 0.024109 seconds 
========================================================================
Received Import Request.
  Time since last request: 0.000022 seconds.
  path: Assets/AutoHand/Examples/Mesh/Sword.fbx
  artifactKey: Guid(51132dfa42ee2ff4d8fb168209fda636) Importer(815301076,1909f56bfc062723c751e8b465ee728b)
Start importing Assets/AutoHand/Examples/Mesh/Sword.fbx using Guid(51132dfa42ee2ff4d8fb168209fda636) Importer(815301076,1909f56bfc062723c751e8b465ee728b)  -> (artifact id: '90e83ccffdf932314b5b143ea40127fa') in 0.024360 seconds 
========================================================================
Received Import Request.
  Time since last request: 0.000026 seconds.
  path: Assets/AutoHand/Examples/Mesh/Controller.fbx
  artifactKey: Guid(01bda0fe6eb1bee47b0bb7b7eb2a65d8) Importer(815301076,1909f56bfc062723c751e8b465ee728b)
Start importing Assets/AutoHand/Examples/Mesh/Controller.fbx using Guid(01bda0fe6eb1bee47b0bb7b7eb2a65d8) Importer(815301076,1909f56bfc062723c751e8b465ee728b)  -> (artifact id: '4528daa87cc671767c4ac0d6ffa0f24b') in 0.048796 seconds 
========================================================================
Received Import Request.
  Time since last request: 0.000029 seconds.
  path: Assets/AutoHand/Examples/Mesh/torus.fbx
  artifactKey: Guid(a23819d74902c124390dda7537af03ff) Importer(815301076,1909f56bfc062723c751e8b465ee728b)
Start importing Assets/AutoHand/Examples/Mesh/torus.fbx using Guid(a23819d74902c124390dda7537af03ff) Importer(815301076,1909f56bfc062723c751e8b465ee728b)  -> (artifact id: '59c0b9430934665310126c737a08dc65') in 0.026769 seconds 
Editor requested this worker to shutdown with reason: Scaling down because of idle timeout
AssetImportWorker is now disconnected from the server
Process exiting
Exiting without the bug reporter. Application will terminate with return code 0