Using pre-set license
Built from '2021.3/staging' branch; Version is '2021.3.6f1 (7da38d85baf6) revision 8233869'; Using compiler version '192829333'; Build Type 'Release'
OS: 'Windows 10  (10.0.19044) 64bit Core' Language: 'en' Physical Memory: 32637 MB
BatchMode: 1, IsHumanControllingUs: 0, StartBugReporterOnCrash: 0, Is64bit: 1, IsPro: 1

COMMAND LINE ARGUMENTS:
C:\Program Files\Unity\Hub\Editor\2021.3.6f1\Editor\Unity.exe
-adb2
-batchMode
-noUpm
-name
AssetImportWorker7
-projectPath
C:/Users/eriko/Documents/GitHub/Dont Hesitate
-logFile
Logs/AssetImportWorker7.log
-srvPort
58452
Successfully changed project path to: C:/Users/eriko/Documents/GitHub/Dont Hesitate
C:/Users/eriko/Documents/GitHub/Dont Hesitate
[UnityMemory] Configuration Parameters - Can be set up in boot.config
    "memorysetup-bucket-allocator-granularity=16"
    "memorysetup-bucket-allocator-bucket-count=8"
    "memorysetup-bucket-allocator-block-size=33554432"
    "memorysetup-bucket-allocator-block-count=8"
    "memorysetup-main-allocator-block-size=16777216"
    "memorysetup-thread-allocator-block-size=16777216"
    "memorysetup-gfx-main-allocator-block-size=16777216"
    "memorysetup-gfx-thread-allocator-block-size=16777216"
    "memorysetup-cache-allocator-block-size=4194304"
    "memorysetup-typetree-allocator-block-size=2097152"
    "memorysetup-profiler-bucket-allocator-granularity=16"
    "memorysetup-profiler-bucket-allocator-bucket-count=8"
    "memorysetup-profiler-bucket-allocator-block-size=33554432"
    "memorysetup-profiler-bucket-allocator-block-count=8"
    "memorysetup-profiler-allocator-block-size=16777216"
    "memorysetup-profiler-editor-allocator-block-size=1048576"
    "memorysetup-temp-allocator-size-main=16777216"
    "memorysetup-job-temp-allocator-block-size=2097152"
    "memorysetup-job-temp-allocator-block-size-background=1048576"
    "memorysetup-job-temp-allocator-reduction-small-platforms=262144"
    "memorysetup-temp-allocator-size-background-worker=32768"
    "memorysetup-temp-allocator-size-job-worker=262144"
    "memorysetup-temp-allocator-size-preload-manager=33554432"
    "memorysetup-temp-allocator-size-nav-mesh-worker=65536"
    "memorysetup-temp-allocator-size-audio-worker=65536"
    "memorysetup-temp-allocator-size-cloud-worker=32768"
    "memorysetup-temp-allocator-size-gi-baking-worker=262144"
    "memorysetup-temp-allocator-size-gfx=262144"
Refreshing native plugins compatible for Editor in 154.12 ms, found 8 plugins.
Preloading 0 native plugins for Editor in 0.00 ms.
Initialize engine version: 2021.3.6f1 (7da38d85baf6)
[Subsystems] Discovering subsystems at path C:/Program Files/Unity/Hub/Editor/2021.3.6f1/Editor/Data/Resources/UnitySubsystems
[Subsystems] Discovering subsystems at path C:/Users/eriko/Documents/GitHub/Dont Hesitate/Assets
GfxDevice: creating device client; threaded=0; jobified=0
Direct3D:
    Version:  Direct3D 11.0 [level 11.1]
    Renderer: NVIDIA GeForce RTX 3070 (ID=0x2484)
    Vendor:   NVIDIA
    VRAM:     8043 MB
    Driver:   30.0.15.1235
Initialize mono
Mono path[0] = 'C:/Program Files/Unity/Hub/Editor/2021.3.6f1/Editor/Data/Managed'
Mono path[1] = 'C:/Program Files/Unity/Hub/Editor/2021.3.6f1/Editor/Data/MonoBleedingEdge/lib/mono/unityjit-win32'
Mono config path = 'C:/Program Files/Unity/Hub/Editor/2021.3.6f1/Editor/Data/MonoBleedingEdge/etc'
Using monoOptions --debugger-agent=transport=dt_socket,embedding=1,server=y,suspend=n,address=127.0.0.1:56584
Begin MonoManager ReloadAssembly
Registering precompiled unity dll's ...
Register platform support module: C:/Program Files/Unity/Hub/Editor/2021.3.6f1/Editor/Data/PlaybackEngines/WindowsStandaloneSupport/UnityEditor.WindowsStandalone.Extensions.dll
Registered in 0.009918 seconds.
Native extension for WindowsStandalone target not found
Refreshing native plugins compatible for Editor in 164.06 ms, found 8 plugins.
Preloading 0 native plugins for Editor in 0.00 ms.
Mono: successfully reloaded assembly
- Completed reload, in  1.067 seconds
Domain Reload Profiling:
	ReloadAssembly (1068ms)
		BeginReloadAssembly (105ms)
			ExecutionOrderSort (0ms)
			DisableScriptedObjects (0ms)
			BackupInstance (0ms)
			ReleaseScriptingObjects (0ms)
			CreateAndSetChildDomain (1ms)
		EndReloadAssembly (793ms)
			LoadAssemblies (101ms)
			RebuildTransferFunctionScriptingTraits (0ms)
			SetupTypeCache (171ms)
			ReleaseScriptCaches (0ms)
			RebuildScriptCaches (61ms)
			SetupLoadedEditorAssemblies (469ms)
				LogAssemblyErrors (0ms)
				InitializePlatformSupportModulesInManaged (14ms)
				SetLoadedEditorAssemblies (0ms)
				RefreshPlugins (164ms)
				BeforeProcessingInitializeOnLoad (2ms)
				ProcessInitializeOnLoadAttributes (226ms)
				ProcessInitializeOnLoadMethodAttributes (62ms)
				AfterProcessingInitializeOnLoad (0ms)
				EditorAssembliesLoaded (0ms)
			ExecutionOrderSort2 (0ms)
			AwakeInstancesAfterBackupRestoration (0ms)
Platform modules already initialized, skipping
Registering precompiled user dll's ...
Registered in 0.013035 seconds.
Begin MonoManager ReloadAssembly
Native extension for WindowsStandalone target not found
Refreshing native plugins compatible for Editor in 164.66 ms, found 8 plugins.
Preloading 0 native plugins for Editor in 0.00 ms.
Package Manager log level set to [2]
Mono: successfully reloaded assembly
- Completed reload, in  1.780 seconds
Domain Reload Profiling:
	ReloadAssembly (1782ms)
		BeginReloadAssembly (142ms)
			ExecutionOrderSort (0ms)
			DisableScriptedObjects (7ms)
			BackupInstance (0ms)
			ReleaseScriptingObjects (0ms)
			CreateAndSetChildDomain (20ms)
		EndReloadAssembly (1473ms)
			LoadAssemblies (104ms)
			RebuildTransferFunctionScriptingTraits (0ms)
			SetupTypeCache (396ms)
			ReleaseScriptCaches (1ms)
			RebuildScriptCaches (70ms)
			SetupLoadedEditorAssemblies (831ms)
				LogAssemblyErrors (0ms)
				InitializePlatformSupportModulesInManaged (6ms)
				SetLoadedEditorAssemblies (0ms)
				RefreshPlugins (165ms)
				BeforeProcessingInitializeOnLoad (139ms)
				ProcessInitializeOnLoadAttributes (465ms)
				ProcessInitializeOnLoadMethodAttributes (43ms)
				AfterProcessingInitializeOnLoad (13ms)
				EditorAssembliesLoaded (0ms)
			ExecutionOrderSort2 (0ms)
			AwakeInstancesAfterBackupRestoration (10ms)
Platform modules already initialized, skipping
========================================================================
Worker process is ready to serve import requests
Launched and connected shader compiler UnityShaderCompiler.exe after 0.04 seconds
Refreshing native plugins compatible for Editor in 0.81 ms, found 8 plugins.
Preloading 0 native plugins for Editor in 0.00 ms.
Unloading 4165 Unused Serialized files (Serialized files now loaded: 0)
Unloading 55 unused Assets / (431.2 KB). Loaded Objects now: 4608.
Memory consumption went from 148.8 MB to 148.4 MB.
Total: 4.685100 ms (FindLiveObjects: 0.298700 ms CreateObjectMapping: 0.169700 ms MarkObjects: 3.937700 ms  DeleteObjects: 0.277600 ms)

AssetImportParameters requested are different than current active one (requested -> active):
  custom:video-decoder-ogg-theora: a1e56fd34408186e4bbccfd4996cb3dc -> 
  custom:container-muxer-webm: aa71ff27fc2769a1b78a27578f13a17b -> 
  custom:container-demuxer-webm: 4f35f7cbe854078d1ac9338744f61a02 -> 
  custom:video-encoder-webm-vp8: eb34c28f22e8b96e1ab97ce403110664 -> 
  custom:audio-encoder-webm-vorbis: bf7c407c2cedff20999df2af8eb42d56 -> 
  custom:framework-win-MediaFoundation: 216162199b28c13a410421893ffa2e32 -> 
  custom:container-demuxer-ogg: 62fdf1f143b41e24485cea50d1cbac27 -> 
  custom:video-decoder-webm-vp8: 9c59270c3fd7afecdb556c50c9e8de78 -> 
  custom:audio-decoder-ogg-vorbis: bf7c407c2cedff20999df2af8eb42d56 -> 
========================================================================
Received Import Request.
  Time since last request: 852824.516206 seconds.
  path: Assets/AutoHand/Examples/Materials/Colors/lightPink.mat
  artifactKey: Guid(72cc42f87d5a1a84a98dfa8c0308f965) Importer(815301076,1909f56bfc062723c751e8b465ee728b)
Start importing Assets/AutoHand/Examples/Materials/Colors/lightPink.mat using Guid(72cc42f87d5a1a84a98dfa8c0308f965) Importer(815301076,1909f56bfc062723c751e8b465ee728b)  -> (artifact id: '983b6b9b3371e7c98f834957af6c281b') in 0.162070 seconds 
========================================================================
Received Import Request.
  Time since last request: 0.000027 seconds.
  path: Assets/AutoHand/Examples/Mesh/key.fbx
  artifactKey: Guid(b2509f136cb9dfd4bbdea400c2017bf4) Importer(815301076,1909f56bfc062723c751e8b465ee728b)
Start importing Assets/AutoHand/Examples/Mesh/key.fbx using Guid(b2509f136cb9dfd4bbdea400c2017bf4) Importer(815301076,1909f56bfc062723c751e8b465ee728b)  -> (artifact id: 'db1a289cb862371490a94f2ecad92edc') in 0.070382 seconds 
========================================================================
Received Import Request.
  Time since last request: 7.602877 seconds.
  path: Assets/gun models/mcx virtus/textures/New Material 1.mat
  artifactKey: Guid(3f0e8c63beddd8a448f6330ef8da7f91) Importer(815301076,1909f56bfc062723c751e8b465ee728b)
Start importing Assets/gun models/mcx virtus/textures/New Material 1.mat using Guid(3f0e8c63beddd8a448f6330ef8da7f91) Importer(815301076,1909f56bfc062723c751e8b465ee728b)  -> (artifact id: 'e0dd7ed509d3ddc3ceea77f67406ea3f') in 0.244223 seconds 
========================================================================
Received Import Request.
  Time since last request: 0.526834 seconds.
  path: Assets/Prefabs/bottle/ottle.fbx
  artifactKey: Guid(a9effc047ad1ad042825dbaa913bc135) Importer(815301076,1909f56bfc062723c751e8b465ee728b)
Start importing Assets/Prefabs/bottle/ottle.fbx using Guid(a9effc047ad1ad042825dbaa913bc135) Importer(815301076,1909f56bfc062723c751e8b465ee728b)  -> (artifact id: '79d1a5bfbbf06fb3dccbcc1a1c8d2c9f') in 0.064869 seconds 
========================================================================
Received Import Request.
  Time since last request: 0.000023 seconds.
  path: Assets/AutoHand/Examples/Prefabs/Righteous-Regular SDF.asset
  artifactKey: Guid(f5ba820a8971fa449b12f4c76629933c) Importer(815301076,1909f56bfc062723c751e8b465ee728b)
Start importing Assets/AutoHand/Examples/Prefabs/Righteous-Regular SDF.asset using Guid(f5ba820a8971fa449b12f4c76629933c) Importer(815301076,1909f56bfc062723c751e8b465ee728b)  -> (artifact id: 'e3fc8451713a0bc9a11cb39744a060e6') in 0.084637 seconds 
========================================================================
Received Import Request.
  Time since last request: 0.000027 seconds.
  path: Assets/AutoHand/Examples/Materials/pasted__pasted__lambert6 1.mat
  artifactKey: Guid(f2a4634c2547005419ae17914359d829) Importer(815301076,1909f56bfc062723c751e8b465ee728b)
Start importing Assets/AutoHand/Examples/Materials/pasted__pasted__lambert6 1.mat using Guid(f2a4634c2547005419ae17914359d829) Importer(815301076,1909f56bfc062723c751e8b465ee728b)  -> (artifact id: '29e5cfa99648a3895cad513eaf9cc3f6') in 0.020789 seconds 
========================================================================
Received Import Request.
  Time since last request: 0.000031 seconds.
  path: Assets/AutoHand/Examples/Materials/Particle.mat
  artifactKey: Guid(27689c074f0479347a04bb3c3170e09d) Importer(815301076,1909f56bfc062723c751e8b465ee728b)
Start importing Assets/AutoHand/Examples/Materials/Particle.mat using Guid(27689c074f0479347a04bb3c3170e09d) Importer(815301076,1909f56bfc062723c751e8b465ee728b)  -> (artifact id: '5370fa9404c6be0ecdb63a92b7da101c') in 0.019037 seconds 
========================================================================
Received Import Request.
  Time since last request: 0.000027 seconds.
  path: Assets/TextMesh Pro/Examples & Extras/Resources/Fonts & Materials/Oswald Bold SDF.asset
  artifactKey: Guid(0161d805a3764c089bef00bfe00793f5) Importer(815301076,1909f56bfc062723c751e8b465ee728b)
Start importing Assets/TextMesh Pro/Examples & Extras/Resources/Fonts & Materials/Oswald Bold SDF.asset using Guid(0161d805a3764c089bef00bfe00793f5) Importer(815301076,1909f56bfc062723c751e8b465ee728b)  -> (artifact id: 'f6ef27cc58a6aa299bec02f0624765c7') in 0.027928 seconds 
========================================================================
Received Import Request.
  Time since last request: 6.179503 seconds.
  path: Assets/TextMesh Pro/Examples & Extras/Resources/Fonts & Materials/Roboto-Bold SDF - Surface.mat
  artifactKey: Guid(e6b276ec991f467aa14ef1f3cc665993) Importer(815301076,1909f56bfc062723c751e8b465ee728b)
Start importing Assets/TextMesh Pro/Examples & Extras/Resources/Fonts & Materials/Roboto-Bold SDF - Surface.mat using Guid(e6b276ec991f467aa14ef1f3cc665993) Importer(815301076,1909f56bfc062723c751e8b465ee728b)  -> (artifact id: 'b0e33b30a57c70f095c87109164df298') in 0.093477 seconds 
========================================================================
Received Import Request.
  Time since last request: 0.000031 seconds.
  path: Assets/TextMesh Pro/Examples & Extras/Resources/Fonts & Materials/Roboto-Bold SDF.asset
  artifactKey: Guid(5302535af1044152a457ed104f1f4b91) Importer(815301076,1909f56bfc062723c751e8b465ee728b)
Start importing Assets/TextMesh Pro/Examples & Extras/Resources/Fonts & Materials/Roboto-Bold SDF.asset using Guid(5302535af1044152a457ed104f1f4b91) Importer(815301076,1909f56bfc062723c751e8b465ee728b)  -> (artifact id: '268befefdd154a5355cfada55ad1a99b') in 0.030345 seconds 
========================================================================
Received Import Request.
  Time since last request: 0.000036 seconds.
  path: Assets/TextMesh Pro/Examples & Extras/Materials/Small Crate_diffuse.mat
  artifactKey: Guid(22262639920f43d6be32430e4e58350d) Importer(815301076,1909f56bfc062723c751e8b465ee728b)
Start importing Assets/TextMesh Pro/Examples & Extras/Materials/Small Crate_diffuse.mat using Guid(22262639920f43d6be32430e4e58350d) Importer(815301076,1909f56bfc062723c751e8b465ee728b)  -> (artifact id: 'd68d4b6ba5d2b0318f381ccec6de7354') in 0.158497 seconds 
========================================================================
Received Import Request.
  Time since last request: 0.000028 seconds.
  path: Assets/gun models/mcx virtus/Materials/Materials/TexturesCom_Metal_AluminumBrushed2_1K_albedo.mat
  artifactKey: Guid(568a21c7371e4cb4395a0b79ebfb12fd) Importer(815301076,1909f56bfc062723c751e8b465ee728b)
Start importing Assets/gun models/mcx virtus/Materials/Materials/TexturesCom_Metal_AluminumBrushed2_1K_albedo.mat using Guid(568a21c7371e4cb4395a0b79ebfb12fd) Importer(815301076,1909f56bfc062723c751e8b465ee728b)  -> (artifact id: 'ccea1e1002f123f7aeb51d96d38dc31a') in 0.020952 seconds 
========================================================================
Received Import Request.
  Time since last request: 0.000027 seconds.
  path: Assets/AutoHand/Examples/Materials/White.mat
  artifactKey: Guid(7ddcdf368990e454ca3a6f892b1c0ce9) Importer(815301076,1909f56bfc062723c751e8b465ee728b)
Start importing Assets/AutoHand/Examples/Materials/White.mat using Guid(7ddcdf368990e454ca3a6f892b1c0ce9) Importer(815301076,1909f56bfc062723c751e8b465ee728b)  -> (artifact id: '5713e120f972d9d61728bf03786eb97c') in 0.021304 seconds 
========================================================================
Received Import Request.
  Time since last request: 0.000030 seconds.
  path: Assets/gun models/mcx virtus/Materials/Materials/TexturesCom_Plastic_PolypropyleneRough_1K_roughness.mat
  artifactKey: Guid(fab69edd629f2824cbd0043d63e4f825) Importer(815301076,1909f56bfc062723c751e8b465ee728b)
Start importing Assets/gun models/mcx virtus/Materials/Materials/TexturesCom_Plastic_PolypropyleneRough_1K_roughness.mat using Guid(fab69edd629f2824cbd0043d63e4f825) Importer(815301076,1909f56bfc062723c751e8b465ee728b)  -> (artifact id: '82bf9b10a29e4e6c4f33c218105cefd1') in 0.021825 seconds 
========================================================================
Received Import Request.
  Time since last request: 0.000034 seconds.
  path: Assets/gun models/mcx virtus/Materials/Materials/TexturesCom_Plastic_PolypropyleneRough_1K_albedo.mat
  artifactKey: Guid(dfc7d15d4c41196488cbcf6749ef7c94) Importer(815301076,1909f56bfc062723c751e8b465ee728b)
Start importing Assets/gun models/mcx virtus/Materials/Materials/TexturesCom_Plastic_PolypropyleneRough_1K_albedo.mat using Guid(dfc7d15d4c41196488cbcf6749ef7c94) Importer(815301076,1909f56bfc062723c751e8b465ee728b)  -> (artifact id: '914f5b7d10676e541ee73ffdb8d0fad0') in 0.019674 seconds 
========================================================================
Received Import Request.
  Time since last request: 0.000029 seconds.
  path: Assets/gun models/mp9/Materials/TexturesCom_Metal_PaintedGun_1K_roughness.mat
  artifactKey: Guid(0d4a46e8a6a60eb4d910d62e314737ee) Importer(815301076,1909f56bfc062723c751e8b465ee728b)
Start importing Assets/gun models/mp9/Materials/TexturesCom_Metal_PaintedGun_1K_roughness.mat using Guid(0d4a46e8a6a60eb4d910d62e314737ee) Importer(815301076,1909f56bfc062723c751e8b465ee728b)  -> (artifact id: 'e9657c96e27846ab53bbf8607828c683') in 0.022401 seconds 
========================================================================
Received Import Request.
  Time since last request: 489.625779 seconds.
  path: Assets/AutoHand/Examples/Sounds/BoinkClink.flac
  artifactKey: Guid(a995d26ac79a66a47aa0622591f1545f) Importer(815301076,1909f56bfc062723c751e8b465ee728b)
Start importing Assets/AutoHand/Examples/Sounds/BoinkClink.flac using Guid(a995d26ac79a66a47aa0622591f1545f) Importer(815301076,1909f56bfc062723c751e8b465ee728b)  -> (artifact id: '6b3ccaeb6e7695669fa3f88b194f4d7c') in 0.086461 seconds 
========================================================================
Received Import Request.
  Time since last request: 0.000032 seconds.
  path: Assets/AutoHand/Examples/Sounds/Squish.mp3
  artifactKey: Guid(3c73ab236391cd748b00945c22254c46) Importer(815301076,1909f56bfc062723c751e8b465ee728b)
Start importing Assets/AutoHand/Examples/Sounds/Squish.mp3 using Guid(3c73ab236391cd748b00945c22254c46) Importer(815301076,1909f56bfc062723c751e8b465ee728b)  -> (artifact id: '5b767318bb9401dc1904881cb6fa5b68') in 0.023746 seconds 
========================================================================
Received Import Request.
  Time since last request: 0.000039 seconds.
  path: Assets/AutoHand/Examples/Sounds/SoftImpact0.ogg
  artifactKey: Guid(555bf8a4b1aefad40941dd871387373a) Importer(815301076,1909f56bfc062723c751e8b465ee728b)
Start importing Assets/AutoHand/Examples/Sounds/SoftImpact0.ogg using Guid(555bf8a4b1aefad40941dd871387373a) Importer(815301076,1909f56bfc062723c751e8b465ee728b)  -> (artifact id: 'cbe3240c03af19ca0c997026bee8140e') in 0.018731 seconds 
========================================================================
Received Import Request.
  Time since last request: 0.000024 seconds.
  path: Assets/sound/mp.wav
  artifactKey: Guid(c91e7e713c92e6e45b0d7911d60b1632) Importer(815301076,1909f56bfc062723c751e8b465ee728b)
Start importing Assets/sound/mp.wav using Guid(c91e7e713c92e6e45b0d7911d60b1632) Importer(815301076,1909f56bfc062723c751e8b465ee728b)  -> (artifact id: '6a743c0af7dd544bfbdb9d9c336f0536') in 0.017387 seconds 
========================================================================
Received Import Request.
  Time since last request: 0.000024 seconds.
  path: Assets/sound/glasss.wav
  artifactKey: Guid(70f2ac0bc5ca00242a33152a7fad8e25) Importer(815301076,1909f56bfc062723c751e8b465ee728b)
Start importing Assets/sound/glasss.wav using Guid(70f2ac0bc5ca00242a33152a7fad8e25) Importer(815301076,1909f56bfc062723c751e8b465ee728b)  -> (artifact id: 'e912f4e9af449dd0c349e9407c8b3297') in 0.016901 seconds 
========================================================================
Received Import Request.
  Time since last request: 0.000024 seconds.
  path: Assets/AutoHand/Examples/Sounds/Explosion.mp3
  artifactKey: Guid(c84ac7dddc3097b46be2ed3fc7016c7a) Importer(815301076,1909f56bfc062723c751e8b465ee728b)
Start importing Assets/AutoHand/Examples/Sounds/Explosion.mp3 using Guid(c84ac7dddc3097b46be2ed3fc7016c7a) Importer(815301076,1909f56bfc062723c751e8b465ee728b)  -> (artifact id: '69258a2f49825e5cdcf5e60d3129cb9d') in 0.017097 seconds 
========================================================================
Received Import Request.
  Time since last request: 0.000029 seconds.
  path: Assets/sound/Explosions.wav
  artifactKey: Guid(499fd9cfdb078684eb615aba7b04ce04) Importer(815301076,1909f56bfc062723c751e8b465ee728b)
Start importing Assets/sound/Explosions.wav using Guid(499fd9cfdb078684eb615aba7b04ce04) Importer(815301076,1909f56bfc062723c751e8b465ee728b)  -> (artifact id: '7e109ae6f251e9e582a8c92c50f9b281') in 0.016549 seconds 
========================================================================
Received Import Request.
  Time since last request: 0.000025 seconds.
  path: Assets/sound/Glass, Break, Bottle, Smash x3 SND37412.wav
  artifactKey: Guid(35ae5227b51200745ae31ac9c46fe287) Importer(815301076,1909f56bfc062723c751e8b465ee728b)
Start importing Assets/sound/Glass, Break, Bottle, Smash x3 SND37412.wav using Guid(35ae5227b51200745ae31ac9c46fe287) Importer(815301076,1909f56bfc062723c751e8b465ee728b)  -> (artifact id: 'b8494f1c276d8833604f80b1425e86f1') in 0.015620 seconds 
========================================================================
Received Import Request.
  Time since last request: 0.000024 seconds.
  path: Assets/AutoHand/Examples/Sounds/DropSound.mp3
  artifactKey: Guid(df96814b0b3a8e9469d7ee8b84391484) Importer(815301076,1909f56bfc062723c751e8b465ee728b)
Start importing Assets/AutoHand/Examples/Sounds/DropSound.mp3 using Guid(df96814b0b3a8e9469d7ee8b84391484) Importer(815301076,1909f56bfc062723c751e8b465ee728b)  -> (artifact id: 'b3161ed1afc78e7fc25f0a8ee864c64b') in 0.016440 seconds 
========================================================================
Received Import Request.
  Time since last request: 0.000023 seconds.
  path: Assets/AutoHand/Examples/Sounds/footstep_concrete_004.ogg
  artifactKey: Guid(eb61ced1f66dffa4598a8a46b2f92d1a) Importer(815301076,1909f56bfc062723c751e8b465ee728b)
Start importing Assets/AutoHand/Examples/Sounds/footstep_concrete_004.ogg using Guid(eb61ced1f66dffa4598a8a46b2f92d1a) Importer(815301076,1909f56bfc062723c751e8b465ee728b)  -> (artifact id: 'fc06600f9ba59e870fa6f7db8b4b1c2b') in 0.016385 seconds 
========================================================================
Received Import Request.
  Time since last request: 0.000024 seconds.
  path: Assets/sound/Machines, Appliance, Stove, Induction, Turn On, Beep SND2464.wav
  artifactKey: Guid(87f8796ab2c3f884d94820ab6e2ac07e) Importer(815301076,1909f56bfc062723c751e8b465ee728b)
Start importing Assets/sound/Machines, Appliance, Stove, Induction, Turn On, Beep SND2464.wav using Guid(87f8796ab2c3f884d94820ab6e2ac07e) Importer(815301076,1909f56bfc062723c751e8b465ee728b)  -> (artifact id: 'ddd457a24915b5b85f7cdc6bf5c5408f') in 0.017507 seconds 
========================================================================
Received Import Request.
  Time since last request: 0.000026 seconds.
  path: Assets/AutoHand/Examples/Sounds/MetalImpact.ogg
  artifactKey: Guid(9c49876e831bce747bc0ab0087a9ef05) Importer(815301076,1909f56bfc062723c751e8b465ee728b)
Start importing Assets/AutoHand/Examples/Sounds/MetalImpact.ogg using Guid(9c49876e831bce747bc0ab0087a9ef05) Importer(815301076,1909f56bfc062723c751e8b465ee728b)  -> (artifact id: '128a6f8253bf304f2e3b47b861ed154c') in 0.015577 seconds 
========================================================================
Received Import Request.
  Time since last request: 0.000038 seconds.
  path: Assets/sound/glock.wav
  artifactKey: Guid(4fc6596a666df2c4d8da2a760530724e) Importer(815301076,1909f56bfc062723c751e8b465ee728b)
Start importing Assets/sound/glock.wav using Guid(4fc6596a666df2c4d8da2a760530724e) Importer(815301076,1909f56bfc062723c751e8b465ee728b)  -> (artifact id: '88296061dbaa3b9c0486028a0bb330f0') in 0.014927 seconds 
Editor requested this worker to shutdown with reason: Scaling down because of idle timeout
AssetImportWorker is now disconnected from the server
Process exiting
Exiting without the bug reporter. Application will terminate with return code 0